[21:42:19] [ServerMain/INFO]: [bootstrap] Running Java 21 (OpenJDK 64-Bit Server VM 21.0.7+6-LTS; Microsoft Microsoft-11369942) on Linux 6.8.0-1030-azure (amd64)
[21:42:19] [ServerMain/INFO]: [bootstrap] Loading Paper 1.21.5-113-main@ba7fb23 (2025-06-10T23:34:22Z) for Minecraft 1.21.5
[21:42:20] [ServerMain/INFO]: [PluginInitializerManager] Initializing plugins...
[21:42:21] [ServerMain/INFO]: [PluginInitializerManager] Initialized 7 plugins
[21:42:21] [ServerMain/INFO]: [PluginInitializerManager] Bukkit plugins (7):
 - DashMace (1.0), Essentials (2.22.0-dev+42-9985dbd), EssentialsSpawn (2.22.0-dev+42-9985dbd), InfernalMobs (6.8), ViaBackwards (5.3.2), ViaRewind (4.0.7), ViaVersion (5.3.2)
[21:42:32] [ServerMain/INFO]: Environment: Environment[sessionHost=https://sessionserver.mojang.com, servicesHost=https://api.minecraftservices.com, name=PROD]
[21:42:39] [ServerMain/INFO]: Loaded 1373 recipes
[21:42:39] [ServerMain/INFO]: Loaded 1484 advancements
[21:42:39] [Server thread/INFO]: Starting minecraft server version 1.21.5
[21:42:39] [Server thread/INFO]: Loading properties
[21:42:39] [Server thread/INFO]: This server is running Paper version 1.21.5-113-main@ba7fb23 (2025-06-10T23:34:22Z) (Implementing API version 1.21.5-R0.1-SNAPSHOT)
[21:42:40] [Server thread/INFO]: [spark] This server bundles the spark profiler. For more information please visit https://docs.papermc.io/paper/profiling
[21:42:40] [Server thread/INFO]: Server Ping Player Sample Count: 12
[21:42:40] [Server thread/INFO]: Using 4 threads for Netty based IO
[21:42:42] [Server thread/INFO]: [MoonriseCommon] Paper is using 1 worker threads, 1 I/O threads
[21:42:42] [Server thread/INFO]: [ChunkTaskScheduler] Chunk system is using population gen parallelism: true
[21:42:42] [Server thread/INFO]: Default game type: SURVIVAL
[21:42:42] [Server console handler/WARN]: [org.jline] Failed to load history
java.lang.IllegalArgumentException: Bad history file syntax! The history file `.console_history` may be an older history: please remove it or use a different history file.
	at org.jline.reader.impl.history.DefaultHistory.addHistoryLine(DefaultHistory.java:175) ~[jline-reader-3.20.0.jar:?]
	at org.jline.reader.impl.history.DefaultHistory.addHistoryLine(DefaultHistory.java:165) ~[jline-reader-3.20.0.jar:?]
	at org.jline.reader.impl.history.DefaultHistory.lambda$load$0(DefaultHistory.java:86) ~[jline-reader-3.20.0.jar:?]
	at java.base/java.util.Iterator.forEachRemaining(Iterator.java:133) ~[?:?]
	at java.base/java.util.Spliterators$IteratorSpliterator.forEachRemaining(Spliterators.java:1939) ~[?:?]
	at java.base/java.util.stream.ReferencePipeline$Head.forEach(ReferencePipeline.java:762) ~[?:?]
	at org.jline.reader.impl.history.DefaultHistory.load(DefaultHistory.java:86) ~[jline-reader-3.20.0.jar:?]
	at org.jline.reader.impl.history.DefaultHistory.attach(DefaultHistory.java:69) ~[jline-reader-3.20.0.jar:?]
	at org.jline.reader.impl.LineReaderImpl.readLine(LineReaderImpl.java:603) ~[jline-reader-3.20.0.jar:?]
	at org.jline.reader.impl.LineReaderImpl.readLine(LineReaderImpl.java:468) ~[jline-reader-3.20.0.jar:?]
	at net.minecrell.terminalconsole.SimpleTerminalConsole.readCommands(SimpleTerminalConsole.java:158) ~[terminalconsoleappender-1.3.0.jar:?]
	at net.minecrell.terminalconsole.SimpleTerminalConsole.start(SimpleTerminalConsole.java:141) ~[terminalconsoleappender-1.3.0.jar:?]
	at net.minecraft.server.dedicated.DedicatedServer$1.run(DedicatedServer.java:108) ~[paper-1.21.5.jar:1.21.5-113-ba7fb23]
[21:42:42] [Server thread/INFO]: Generating keypair
[21:42:42] [Server thread/INFO]: Starting Minecraft server on *:25565
[21:42:42] [Server thread/INFO]: Using epoll channel type
[21:42:42] [Server thread/INFO]: Paper: Using libdeflate (Linux x86_64) compression from Velocity.
[21:42:42] [Server thread/INFO]: Paper: Using OpenSSL 3.x.x (Linux x86_64) cipher from Velocity.
[21:42:44] [Server thread/INFO]: [ViaVersion] Loading server plugin ViaVersion v5.3.2
[21:42:44] [Server thread/INFO]: [ViaVersion] ViaVersion 5.3.2 is now loaded. Registering protocol transformers and injecting...
[21:42:44] [Via-Mappingloader-0/INFO]: [ViaVersion] Loading block connection mappings ...
[21:42:45] [Via-Mappingloader-0/INFO]: [ViaVersion] Using FastUtil Long2ObjectOpenHashMap for block connections
[21:42:46] [Server thread/INFO]: [ViaBackwards] Loading translations...
[21:42:46] [Server thread/INFO]: [ViaBackwards] Registering protocols...
[21:42:47] [Server thread/INFO]: [ViaRewind] Registering protocols...
[21:42:48] [Server thread/INFO]: [Essentials] Loading server plugin Essentials v2.22.0-dev+42-9985dbd
[21:42:48] [Server thread/INFO]: [ViaBackwards] Loading server plugin ViaBackwards v5.3.2
[21:42:48] [Server thread/INFO]: [EssentialsSpawn] Loading server plugin EssentialsSpawn v2.22.0-dev+42-9985dbd
[21:42:48] [Server thread/INFO]: [DashMace] Loading server plugin DashMace v1.0
[21:42:48] [Server thread/INFO]: [InfernalMobs] Loading server plugin InfernalMobs v6.8
[21:42:48] [Server thread/INFO]: [ViaRewind] Loading server plugin ViaRewind v4.0.7
[21:42:48] [Server thread/INFO]: Server permissions file permissions.yml is empty, ignoring it
[21:42:48] [Server thread/INFO]: [ViaRewind] Enabling ViaRewind v4.0.7
[21:42:48] [Server thread/WARN]: **** SERVER IS RUNNING IN OFFLINE/INSECURE MODE!
[21:42:48] [Server thread/WARN]: The server will make no attempt to authenticate usernames. Beware.
[21:42:48] [Server thread/WARN]: While this makes the game possible to play without internet access, it also opens up the ability for hackers to connect with any username they choose.
[21:42:48] [Server thread/WARN]: To change this, set "online-mode" to "true" in the server.properties file.
[21:42:48] [Server thread/INFO]: Preparing level "world"
[21:42:49] [Server thread/INFO]: Preparing start region for dimension minecraft:overworld
[21:42:50] [Server thread/INFO]: Preparing spawn area: 0%
[21:42:50] [Server thread/INFO]: Preparing spawn area: 0%
[21:42:50] [Server thread/INFO]: Preparing spawn area: 0%
[21:42:51] [Server thread/INFO]: Preparing spawn area: 4%
[21:42:51] [Server thread/INFO]: Preparing spawn area: 4%
[21:42:51] [Server thread/INFO]: Preparing spawn area: 4%
[21:42:52] [Server thread/INFO]: Time elapsed: 2798 ms
[21:42:52] [Server thread/INFO]: Preparing start region for dimension minecraft:the_nether
[21:42:52] [Server thread/INFO]: Preparing spawn area: 0%
[21:42:52] [Server thread/INFO]: Time elapsed: 470 ms
[21:42:52] [Server thread/INFO]: Preparing start region for dimension minecraft:the_end
[21:42:52] [Server thread/INFO]: Preparing spawn area: 0%
[21:42:52] [Server thread/INFO]: Time elapsed: 228 ms
[21:42:52] [Server thread/INFO]: [ViaVersion] Enabling ViaVersion v5.3.2
[21:42:52] [Server thread/INFO]: [ViaVersion] ViaVersion detected server version: 1.21.5 (770)
[21:42:52] [Server thread/INFO]: [Essentials] Enabling Essentials v2.22.0-dev+42-9985dbd
[21:42:53] [Server thread/ERROR]: [Essentials] You are running an unsupported server version!
[21:42:54] [Server thread/INFO]: [Essentials] Attempting to convert old kits in config.yml to new kits.yml
[21:42:54] [Server thread/INFO]: [Essentials] No kits found to migrate.
[21:42:54] [Server thread/INFO]: [Essentials] Selected Legacy Biome Name Provider as the provider for BiomeNameProvider
[21:42:54] [Server thread/INFO]: [Essentials] Selected 1.12.2+ Player Locale Provider as the provider for PlayerLocaleProvider
[21:42:54] [Server thread/INFO]: [Essentials] Selected Reflection Online Mode Provider as the provider for OnlineModeProvider
[21:42:54] [Server thread/INFO]: [Essentials] Selected Paper Biome Key Provider as the provider for BiomeKeyProvider
[21:42:54] [Server thread/INFO]: [Essentials] Selected Paper Server State Provider as the provider for ServerStateProvider
[21:42:54] [Server thread/INFO]: [Essentials] Selected Paper Container Provider as the provider for ContainerProvider
[21:42:54] [Server thread/INFO]: [Essentials] Selected Paper Tick Count Provider as the provider for TickCountProvider
[21:42:54] [Server thread/INFO]: [Essentials] Selected 1.20.4+ Damage Event Provider as the provider for DamageEventProvider
[21:42:54] [Server thread/INFO]: [Essentials] Selected Paper Known Commands Provider as the provider for KnownCommandsProvider
[21:42:54] [Server thread/INFO]: [Essentials] Selected 1.20.5+ Banner Data Provider as the provider for BannerDataProvider
[21:42:54] [Server thread/INFO]: [Essentials] Selected 1.11+ Item Unbreakable Provider as the provider for ItemUnbreakableProvider
[21:42:54] [Server thread/INFO]: [Essentials] Selected 1.13+ Spawn Egg Provider as the provider for SpawnEggProvider
[21:42:54] [Server thread/INFO]: [Essentials] Selected 1.21.4+ Sync Commands Provider as the provider for SyncCommandsProvider
[21:42:54] [Server thread/INFO]: [Essentials] Selected 1.14+ Sign Data Provider as the provider for SignDataProvider
[21:42:54] [Server thread/INFO]: [Essentials] Selected Paper Material Tag Provider as the provider for MaterialTagProvider
[21:42:54] [Server thread/INFO]: [Essentials] Selected 1.12+ Spawner Block Provider as the provider for SpawnerBlockProvider
[21:42:54] [Server thread/INFO]: [Essentials] Selected 1.17.1+ World Info Provider as the provider for WorldInfoProvider
[21:42:54] [Server thread/INFO]: [Essentials] Selected 1.21+ InventoryView Interface ABI Provider as the provider for InventoryViewProvider
[21:42:54] [Server thread/INFO]: [Essentials] Selected 1.8.3+ Spawner Item Provider as the provider for SpawnerItemProvider
[21:42:54] [Server thread/INFO]: [Essentials] Selected 1.20.6+ Potion Meta Provider as the provider for PotionMetaProvider
[21:42:54] [Server thread/INFO]: [Essentials] Selected Reflection Formatted Command Alias Provider as the provider for FormattedCommandAliasProvider
[21:42:54] [Server thread/INFO]: [Essentials] Selected Paper Serialization Provider as the provider for SerializationProvider
[21:42:54] [Server thread/INFO]: [Essentials] Selected 1.14.4+ Persistent Data Container Provider as the provider for PersistentDataProvider
[21:42:55] [Server thread/INFO]: [Essentials] Loaded 45989 items from items.json.
[21:42:55] [Server thread/INFO]: [Essentials] Using locale en
[21:42:55] [Server thread/INFO]: [Essentials] ServerListPingEvent: Spigot iterator API
[21:42:56] [Server thread/INFO]: [Essentials] Starting Metrics. Opt-out using the global bStats config.
[21:42:56] [Server thread/INFO]: [Essentials] Using superperms-based permissions.
[21:42:56] [Server thread/INFO]: [ViaBackwards] Enabling ViaBackwards v5.3.2
[21:42:56] [Server thread/INFO]: [EssentialsSpawn] Enabling EssentialsSpawn v2.22.0-dev+42-9985dbd
[21:42:56] [Server thread/INFO]: [EssentialsSpawn] Starting Metrics. Opt-out using the global bStats config.
[21:42:56] [Server thread/INFO]: [DashMace] Enabling DashMace v1.0
[21:42:56] [Server thread/INFO]: [InfernalMobs] Enabling InfernalMobs v6.8
[21:42:56] [Server thread/INFO]: [InfernalMobs] Registered Events.
[21:42:56] [Server thread/INFO]: [spark] Starting background profiler...
[21:42:57] [Server thread/INFO]: Done preparing level "world" (9.321s)
[21:42:57] [Server thread/INFO]: Running delayed init tasks
[21:42:57] [Craft Scheduler Thread - 2 - ViaVersion/INFO]: [ViaVersion] Finished mapping loading, shutting down loader executor.
[21:42:57] [Craft Scheduler Thread - 1 - Essentials/INFO]: [Essentials] Fetching version information...
[21:42:57] [Server thread/INFO]: Done (38.779s)! For help, type "help"
[21:42:57] [Server thread/WARN]: [ViaVersion] There is a newer plugin version available: 5.5.1, you're on: 5.3.2
[21:43:17] [User Authenticator #0/INFO]: UUID of player AK_3855 is de0c98c5-2d13-3bc0-a14d-c4360b44b5cc
[21:43:17] [Netty Epoll Server IO #1/WARN]: [ViaVersion] (1.17->1.16.4) Increased world height is NOT SUPPORTED for 1.16 players and below. They will see a void below y 0 and above 256. You can enable the `bedrock-at-y-0` config option to replace the air with a bedrock layer.
[21:43:17] [Server thread/INFO]: AK_3855 joined the game
[21:43:18] [Server thread/INFO]: AK_3855[/127.0.0.1:59464] logged in with entity id 96 at ([world]174.577491645938, 112.77570575130525, -180.29046907264689)
[21:43:19] [Netty Epoll Server IO #1/WARN]: [ViaVersion] (1.13->1.12.2) Ignoring plugin channel in serverbound REGISTER: EAG|Voice-1.8
[21:43:19] [Netty Epoll Server IO #1/WARN]: [ViaVersion] (1.13->1.12.2) Ignoring plugin channel in serverbound REGISTER: EAG|1.8-Ready
[21:43:19] [Netty Epoll Server IO #1/WARN]: [ViaVersion] (1.13->1.12.2) Ignoring plugin channel in serverbound REGISTER: EAG|1.8-Voice-RPC
[21:43:19] [Netty Epoll Server IO #1/WARN]: [ViaVersion] (1.13->1.12.2) Ignoring plugin channel in serverbound REGISTER: EAG|1.8-RPC
[21:43:19] [Netty Epoll Server IO #1/WARN]: [ViaVersion] (1.13->1.12.2) Ignoring plugin channel in serverbound REGISTER: EAG|1.8
[21:43:19] [Netty Epoll Server IO #1/WARN]: [ViaVersion] (1.13->1.12.2) Ignoring plugin channel in serverbound REGISTER: EAG|Skins-1.8
[21:43:19] [Netty Epoll Server IO #1/WARN]: [ViaVersion] (1.13->1.12.2) Ignoring plugin channel in serverbound REGISTER: EAG|UpdateCert-1.8
[21:43:19] [Netty Epoll Server IO #1/WARN]: [ViaVersion] (1.13->1.12.2) Ignoring plugin channel in serverbound REGISTER: EAG|FNAWSEn-1.8
[21:43:19] [Netty Epoll Server IO #1/WARN]: [ViaVersion] (1.13->1.12.2) Ignoring plugin channel in serverbound REGISTER: EAG|Capes-1.8
[21:43:25] [Server thread/INFO]: AK_3855 issued server command: /fly off
[21:47:55] [Server thread/INFO]: AK_3855 issued server command: /fly off
[21:47:57] [Server thread/INFO]: AK_3855 lost connection: Disconnected
[21:47:58] [Server thread/INFO]: AK_3855 left the game
