[2025/11/02 19:05:04]: §9          __             _       
[2025/11/02 19:05:04]: §9  _ __   / /  ___   __ _(_)_ __  
[2025/11/02 19:05:04]: §9 | '_ \ / /  / _ \ / _` | | '_ \ 
[2025/11/02 19:05:04]: §9 | | | / /__| (_) | (_| | | | | |
[2025/11/02 19:05:04]: §9 |_| |_\____/\___/ \__, |_|_| |_|
[2025/11/02 19:05:04]: §9                  |___/            
[2025/11/02 19:05:04]: §9 By: www.nickuc.com - V 10.4.23 DEVELOPMENT
[2025/11/02 19:05:04]: §9 
[2025/11/02 19:05:05]: §3[nLogin] [DEBUG] All settings were loaded in 587 ms.
[2025/11/02 19:05:05]: §3[nLogin] [DEBUG] Loading the messages_en.yml message file...
[2025/11/02 19:05:05]: §3[nLogin] [DEBUG] All plugin messages were loaded in 260 ms (languageByClient=false).
[2025/11/02 19:05:05]: §3[nLogin] [DEBUG] All proxy settings were loaded in 40 ms.
[2025/11/02 19:05:05]: §3[nLogin] [DEBUG] Loading database...
[2025/11/02 19:05:06]: §3[nLogin] [DEBUG] Starting logger filter...
[2025/11/02 19:05:11]: 
[2025/11/02 19:05:11]:  §bThank you so much for choosing nLogin! §4<3
[2025/11/02 19:05:11]: 
[2025/11/02 19:05:11]:  §4For your safety, please read the message below:
[2025/11/02 19:05:11]:   §cNever download nLogin from unknown sources.
[2025/11/02 19:05:11]:   §cA modified version may contain malicious software.
[2025/11/02 19:05:11]: 
[2025/11/02 19:05:11]:  §3Trusted sources:
[2025/11/02 19:05:11]:   §bwww.nickuc.com
[2025/11/02 19:05:11]:   §bwww.github.com/nickuc
[2025/11/02 19:05:11]:   §bOpeNLogin installer (from Spigot or GitHub)
[2025/11/02 19:05:11]: 
[2025/11/02 19:05:11]:  §3Official support channels:
[2025/11/02 19:05:11]:   §bDiscord group: §fwww.nickuc.com/discord
[2025/11/02 19:05:11]:   §bDocumentation: §fdocs.nickuc.com/nlogin/
[2025/11/02 19:05:11]:   §bEmail: §fsupport@nickuc.com
[2025/11/02 19:05:11]:   §bYouTube: §fyoutube.com/nickuc
[2025/11/02 19:05:11]: 
[2025/11/02 19:05:11]:  §eTo remove this warning, log in with "nlogin.admin" permission on the server
[2025/11/02 19:05:11]:  §eand click the "Setup plugin" button to configure your plugin.
[2025/11/02 19:05:11]: 
[2025/11/02 19:06:11]: §3[nLogin] [DEBUG] [SQLite] [UPDATE]: "UPDATE `nlogin` SET `last_name` = 'AK3855', `unique_id` = 15f50b28b3b93e58910f08ad7a4934f4,  `mojang_id` = null,  `bedrock_id` = null,  `password` = '$2a$10$LcfU9geO8H6Z/nxOF.LAuO4lARPtaBWkQcAVOrrB7H1KXn0k3K6X2', `last_ip` = '0:0:0:0:0:0:0:1', `creation_date` = 2025-10-24 15:01:36.759, `last_seen` = 2025-11-02 19:06:11.09, `email` = null, `discord` = null, `settings` = '{"settings":[{"value":"survival","key":"last-server"},{"value":"en","key":"language"}],"version":0}' WHERE `ai` = 2" (applied to [last_ip, last_seen, settings] columns)
[2025/11/02 19:06:11]: [nLogin] The user AK3855 has successfully logged in.
[2025/11/02 19:08:50]: §3[nLogin] [DEBUG] [SQLite] [UPDATE]: "UPDATE `nlogin` SET `last_name` = 'George_DC', `unique_id` = fa42a30c054c365c8c39b21dced5eaae,  `mojang_id` = null,  `bedrock_id` = null,  `password` = '$2a$10$Dqg56A5AJC2vAMyQfKs1zO8vJBGwnyu/S8k7Wti2OTHihFtj45MJC', `last_ip` = '0:0:0:0:0:0:0:1', `creation_date` = 2025-10-24 22:30:04.559, `last_seen` = 2025-11-02 19:08:50.799, `email` = null, `discord` = null, `settings` = '{"settings":[{"value":"survival","key":"last-server"},{"value":"en","key":"language"}],"version":0}' WHERE `ai` = 4" (applied to [last_ip, last_seen, settings] columns)
[2025/11/02 19:08:50]: [nLogin] The user George_DC has successfully logged in.
[2025/11/02 19:54:38]: §3[nLogin] [DEBUG] [SQLite] [UPDATE]: "UPDATE `nlogin` SET `last_name` = 'AK3855', `unique_id` = 15f50b28b3b93e58910f08ad7a4934f4,  `mojang_id` = null,  `bedrock_id` = null,  `password` = '$2a$10$LcfU9geO8H6Z/nxOF.LAuO4lARPtaBWkQcAVOrrB7H1KXn0k3K6X2', `last_ip` = '0:0:0:0:0:0:0:1', `creation_date` = 2025-10-24 15:01:36.759, `last_seen` = 2025-11-02 19:54:38.248, `email` = null, `discord` = null, `settings` = '{"settings":[{"value":"survival","key":"last-server"},{"value":"en","key":"language"}],"version":0}' WHERE `ai` = 2" (applied to [last_seen, settings] columns)
[2025/11/02 19:54:39]: §3[nLogin] [DEBUG] [SQLite] [UPDATE]: "UPDATE `nlogin` SET `last_name` = 'George_DC', `unique_id` = fa42a30c054c365c8c39b21dced5eaae,  `mojang_id` = null,  `bedrock_id` = null,  `password` = '$2a$10$Dqg56A5AJC2vAMyQfKs1zO8vJBGwnyu/S8k7Wti2OTHihFtj45MJC', `last_ip` = '0:0:0:0:0:0:0:1', `creation_date` = 2025-10-24 22:30:04.559, `last_seen` = 2025-11-02 19:54:39.183, `email` = null, `discord` = null, `settings` = '{"settings":[{"value":"survival","key":"last-server"},{"value":"en","key":"language"}],"version":0}' WHERE `ai` = 4" (applied to [last_seen, settings] columns)
