[2025/11/06 14:01:04]: §9          __             _       
[2025/11/06 14:01:04]: §9  _ __   / /  ___   __ _(_)_ __  
[2025/11/06 14:01:04]: §9 | '_ \ / /  / _ \ / _` | | '_ \ 
[2025/11/06 14:01:04]: §9 | | | / /__| (_) | (_| | | | | |
[2025/11/06 14:01:04]: §9 |_| |_\____/\___/ \__, |_|_| |_|
[2025/11/06 14:01:04]: §9                  |___/            
[2025/11/06 14:01:04]: §9 By: www.nickuc.com - V 10.4.23 DEVELOPMENT
[2025/11/06 14:01:04]: §9 
[2025/11/06 14:01:05]: §3[nLogin] [DEBUG] All settings were loaded in 490 ms.
[2025/11/06 14:01:05]: §3[nLogin] [DEBUG] Loading the messages_en.yml message file...
[2025/11/06 14:01:05]: §3[nLogin] [DEBUG] All plugin messages were loaded in 267 ms (languageByClient=false).
[2025/11/06 14:01:05]: §3[nLogin] [DEBUG] All proxy settings were loaded in 20 ms.
[2025/11/06 14:01:05]: §3[nLogin] [DEBUG] Loading database...
[2025/11/06 14:01:06]: §3[nLogin] [DEBUG] Starting logger filter...
[2025/11/06 14:01:11]: 
[2025/11/06 14:01:11]:  §bThank you so much for choosing nLogin! §4<3
[2025/11/06 14:01:11]: 
[2025/11/06 14:01:11]:  §4For your safety, please read the message below:
[2025/11/06 14:01:11]:   §cNever download nLogin from unknown sources.
[2025/11/06 14:01:11]:   §cA modified version may contain malicious software.
[2025/11/06 14:01:11]: 
[2025/11/06 14:01:11]:  §3Trusted sources:
[2025/11/06 14:01:11]:   §bwww.nickuc.com
[2025/11/06 14:01:11]:   §bwww.github.com/nickuc
[2025/11/06 14:01:11]:   §bOpeNLogin installer (from Spigot or GitHub)
[2025/11/06 14:01:11]: 
[2025/11/06 14:01:11]:  §3Official support channels:
[2025/11/06 14:01:11]:   §bDiscord group: §fwww.nickuc.com/discord
[2025/11/06 14:01:11]:   §bDocumentation: §fdocs.nickuc.com/nlogin/
[2025/11/06 14:01:11]:   §bEmail: §fsupport@nickuc.com
[2025/11/06 14:01:11]:   §bYouTube: §fyoutube.com/nickuc
[2025/11/06 14:01:11]: 
[2025/11/06 14:01:11]:  §eTo remove this warning, log in with "nlogin.admin" permission on the server
[2025/11/06 14:01:11]:  §eand click the "Setup plugin" button to configure your plugin.
[2025/11/06 14:01:11]: 
[2025/11/06 14:01:26]: §3[nLogin] [DEBUG] [SQLite] [UPDATE]: "UPDATE `nlogin` SET `last_name` = 'George_DC', `unique_id` = fa42a30c054c365c8c39b21dced5eaae,  `mojang_id` = null,  `bedrock_id` = null,  `password` = '$2a$10$Dqg56A5AJC2vAMyQfKs1zO8vJBGwnyu/S8k7Wti2OTHihFtj45MJC', `last_ip` = '0:0:0:0:0:0:0:1', `creation_date` = 2025-10-24 22:30:04.559, `last_seen` = 2025-11-06 14:01:26.428, `email` = null, `discord` = null, `settings` = '{"settings":[{"value":"survival","key":"last-server"},{"value":"en","key":"language"}],"version":0}' WHERE `ai` = 4" (applied to [last_ip, last_seen, settings] columns)
[2025/11/06 14:01:26]: [nLogin] The user George_DC has successfully logged in.
[2025/11/06 14:01:52]: §3[nLogin] [DEBUG] [SQLite] [UPDATE]: "UPDATE `nlogin` SET `last_name` = 'AK_3855', `unique_id` = de0c98c52d133bc0a14dc4360b44b5cc,  `mojang_id` = null,  `bedrock_id` = null,  `password` = '$2a$10$YCwQeIiLj2w0aDk9lnVMbeydFTJV39.s7LDqNYrGHjlgEmrvrx2MO', `last_ip` = '0:0:0:0:0:0:0:1', `creation_date` = 2025-11-05 16:14:24.376, `last_seen` = 2025-11-06 14:01:52.158, `email` = null, `discord` = null, `settings` = '{"settings":[{"value":"survival","key":"last-server"},{"value":"en","key":"language"}],"version":0}' WHERE `ai` = 6" (applied to [last_ip, last_seen, settings] columns)
[2025/11/06 14:01:52]: [nLogin] The user AK_3855 has successfully logged in.
[2025/11/06 14:05:02]: §3[nLogin] [DEBUG] [SQLite] [UPDATE]: "UPDATE `nlogin` SET `last_name` = 'AK_3855', `unique_id` = de0c98c52d133bc0a14dc4360b44b5cc,  `mojang_id` = null,  `bedrock_id` = null,  `password` = '$2a$10$YCwQeIiLj2w0aDk9lnVMbeydFTJV39.s7LDqNYrGHjlgEmrvrx2MO', `last_ip` = '0:0:0:0:0:0:0:1', `creation_date` = 2025-11-05 16:14:24.376, `last_seen` = 2025-11-06 14:05:02.391, `email` = null, `discord` = null, `settings` = '{"settings":[{"value":"survival","key":"last-server"},{"value":"en","key":"language"}],"version":0}' WHERE `ai` = 6" (applied to [last_seen, settings] columns)
[2025/11/06 14:05:20]: §3[nLogin] [DEBUG] [SQLite] [UPDATE]: "UPDATE `nlogin` SET `last_name` = 'George_DC', `unique_id` = fa42a30c054c365c8c39b21dced5eaae,  `mojang_id` = null,  `bedrock_id` = null,  `password` = '$2a$10$Dqg56A5AJC2vAMyQfKs1zO8vJBGwnyu/S8k7Wti2OTHihFtj45MJC', `last_ip` = '0:0:0:0:0:0:0:1', `creation_date` = 2025-10-24 22:30:04.559, `last_seen` = 2025-11-06 14:05:20.047, `email` = null, `discord` = null, `settings` = '{"settings":[{"value":"survival","key":"last-server"},{"value":"en","key":"language"}],"version":0}' WHERE `ai` = 4" (applied to [last_seen, settings] columns)
[2025/11/06 14:22:59]: [nLogin] Successful plugin core shutdown (took 0.00s)
