[2025/10/27 14:55:12]: §9          __             _       
[2025/10/27 14:55:12]: §9  _ __   / /  ___   __ _(_)_ __  
[2025/10/27 14:55:12]: §9 | '_ \ / /  / _ \ / _` | | '_ \ 
[2025/10/27 14:55:12]: §9 | | | / /__| (_) | (_| | | | | |
[2025/10/27 14:55:12]: §9 |_| |_\____/\___/ \__, |_|_| |_|
[2025/10/27 14:55:12]: §9                  |___/            
[2025/10/27 14:55:12]: §9 By: www.nickuc.com - V 10.4.23 DEVELOPMENT
[2025/10/27 14:55:12]: §9 
[2025/10/27 14:55:13]: §3[nLogin] [DEBUG] All settings were loaded in 656 ms.
[2025/10/27 14:55:13]: §3[nLogin] [DEBUG] Loading the messages_en.yml message file...
[2025/10/27 14:55:13]: §3[nLogin] [DEBUG] All plugin messages were loaded in 299 ms (languageByClient=false).
[2025/10/27 14:55:13]: §3[nLogin] [DEBUG] All proxy settings were loaded in 53 ms.
[2025/10/27 14:55:13]: §3[nLogin] [DEBUG] Loading database...
[2025/10/27 14:55:14]: §3[nLogin] [DEBUG] Starting logger filter...
[2025/10/27 14:55:19]: 
[2025/10/27 14:55:19]:  §bThank you so much for choosing nLogin! §4<3
[2025/10/27 14:55:19]: 
[2025/10/27 14:55:19]:  §4For your safety, please read the message below:
[2025/10/27 14:55:19]:   §cNever download nLogin from unknown sources.
[2025/10/27 14:55:19]:   §cA modified version may contain malicious software.
[2025/10/27 14:55:19]: 
[2025/10/27 14:55:19]:  §3Trusted sources:
[2025/10/27 14:55:19]:   §bwww.nickuc.com
[2025/10/27 14:55:19]:   §bwww.github.com/nickuc
[2025/10/27 14:55:19]:   §bOpeNLogin installer (from Spigot or GitHub)
[2025/10/27 14:55:19]: 
[2025/10/27 14:55:19]:  §3Official support channels:
[2025/10/27 14:55:19]:   §bDiscord group: §fwww.nickuc.com/discord
[2025/10/27 14:55:19]:   §bDocumentation: §fdocs.nickuc.com/nlogin/
[2025/10/27 14:55:19]:   §bEmail: §fsupport@nickuc.com
[2025/10/27 14:55:19]:   §bYouTube: §fyoutube.com/nickuc
[2025/10/27 14:55:19]: 
[2025/10/27 14:55:19]:  §eTo remove this warning, log in with "nlogin.admin" permission on the server
[2025/10/27 14:55:19]:  §eand click the "Setup plugin" button to configure your plugin.
[2025/10/27 14:55:19]: 
[2025/10/27 14:56:32]: §3[nLogin] [DEBUG] [SQLite] [UPDATE]: "UPDATE `nlogin` SET `last_name` = 'AK3855', `unique_id` = 15f50b28b3b93e58910f08ad7a4934f4,  `mojang_id` = null,  `bedrock_id` = null,  `password` = '$2a$10$LcfU9geO8H6Z/nxOF.LAuO4lARPtaBWkQcAVOrrB7H1KXn0k3K6X2', `last_ip` = '0:0:0:0:0:0:0:1', `creation_date` = 2025-10-24 15:01:36.759, `last_seen` = 2025-10-27 14:56:32.617, `email` = null, `discord` = null, `settings` = '{"settings":[{"value":"survival","key":"last-server"},{"value":"en","key":"language"}],"version":0}' WHERE `ai` = 2" (applied to [last_ip, last_seen, settings] columns)
[2025/10/27 14:56:32]: [nLogin] The user AK3855 has successfully logged in.
[2025/10/27 14:57:30]: §3[nLogin] [DEBUG] [SQLite] [UPDATE]: "UPDATE `nlogin` SET `last_name` = 'AK_G4', `unique_id` = 28b5d3195f373a4993a5ad9f1accddc3,  `mojang_id` = null,  `bedrock_id` = null,  `password` = '$2a$10$5Jw3dgZmrC8TzjScIJTXBeo7H9z.RQVuovIp7XsO3SXxPuw6f6fUO', `last_ip` = '0:0:0:0:0:0:0:1', `creation_date` = 2025-10-24 15:02:57.443, `last_seen` = 2025-10-27 14:57:30.657, `email` = null, `discord` = null, `settings` = '{"settings":[{"value":"survival","key":"last-server"},{"value":"en","key":"language"}],"version":0}' WHERE `ai` = 3" (applied to [last_ip, last_seen, settings] columns)
[2025/10/27 14:57:30]: [nLogin] The user AK_G4 has successfully logged in.
[2025/10/27 15:00:08]: §3[nLogin] [DEBUG] [SQLite] [UPDATE]: "INSERT INTO `nlogin` (`last_name`, `unique_id`, `mojang_id`, `bedrock_id`, `password`, `last_ip`, `creation_date`, `last_seen`, `email`, `discord`, `settings`) VALUES ('yanis', 8631982cc9743376be49ce75caf81ad1, null, null, '$2a$10$k4RFXcK.hV8Gobx3Zk7HieXrjhipJoTt3qCwSzCeZ.oIuf584k0xa', '0:0:0:0:0:0:0:1', '2025-10-27 15:00:08.491', '2025-10-27 15:00:08.491', null, null, '{"settings":[{"value":true,"key":"force-invalid-session"}],"version":0}')" (applied to all columns)
[2025/10/27 15:00:08]: [nLogin] The user yanis has successfully registered.
[2025/10/27 15:08:38]: §3[nLogin] [DEBUG] [SQLite] [UPDATE]: "UPDATE `nlogin` SET `last_name` = 'yanis', `unique_id` = 8631982cc9743376be49ce75caf81ad1,  `mojang_id` = null,  `bedrock_id` = null,  `password` = '$2a$10$k4RFXcK.hV8Gobx3Zk7HieXrjhipJoTt3qCwSzCeZ.oIuf584k0xa', `last_ip` = '0:0:0:0:0:0:0:1', `creation_date` = 2025-10-27 15:00:08.491, `last_seen` = 2025-10-27 15:08:38.769, `email` = null, `discord` = null, `settings` = '{"settings":[{"value":true,"key":"force-invalid-session"},{"value":"survival","key":"last-server"},{"value":"en","key":"language"}],"version":0}' WHERE `ai` = 5" (applied to [last_seen, settings] columns)
[2025/10/27 15:10:56]: §3[nLogin] [DEBUG] [SQLite] [UPDATE]: "UPDATE `nlogin` SET `last_name` = 'yanis', `unique_id` = 8631982cc9743376be49ce75caf81ad1,  `mojang_id` = null,  `bedrock_id` = null,  `password` = '$2a$10$k4RFXcK.hV8Gobx3Zk7HieXrjhipJoTt3qCwSzCeZ.oIuf584k0xa', `last_ip` = '0:0:0:0:0:0:0:1', `creation_date` = 2025-10-27 15:00:08.491, `last_seen` = 2025-10-27 15:10:56.91, `email` = null, `discord` = null, `settings` = '{"settings":[{"value":"survival","key":"last-server"},{"value":"en","key":"language"}],"version":0}' WHERE `ai` = 5" (applied to [last_ip, last_seen, settings] columns)
[2025/10/27 15:10:56]: [nLogin] The user yanis has successfully logged in.
[2025/10/27 15:11:57]: §3[nLogin] [DEBUG] [SQLite] [UPDATE]: "UPDATE `nlogin` SET `last_name` = 'AK_G4', `unique_id` = 28b5d3195f373a4993a5ad9f1accddc3,  `mojang_id` = null,  `bedrock_id` = null,  `password` = '$2a$10$5Jw3dgZmrC8TzjScIJTXBeo7H9z.RQVuovIp7XsO3SXxPuw6f6fUO', `last_ip` = '0:0:0:0:0:0:0:1', `creation_date` = 2025-10-24 15:02:57.443, `last_seen` = 2025-10-27 15:11:57.381, `email` = null, `discord` = null, `settings` = '{"settings":[{"value":"survival","key":"last-server"},{"value":"en","key":"language"}],"version":0}' WHERE `ai` = 3" (applied to [last_seen, settings] columns)
[2025/10/27 15:12:38]: §3[nLogin] [DEBUG] [SQLite] [UPDATE]: "UPDATE `nlogin` SET `last_name` = 'AK_G4', `unique_id` = 28b5d3195f373a4993a5ad9f1accddc3,  `mojang_id` = null,  `bedrock_id` = null,  `password` = '$2a$10$5Jw3dgZmrC8TzjScIJTXBeo7H9z.RQVuovIp7XsO3SXxPuw6f6fUO', `last_ip` = '0:0:0:0:0:0:0:1', `creation_date` = 2025-10-24 15:02:57.443, `last_seen` = 2025-10-27 15:12:38.839, `email` = null, `discord` = null, `settings` = '{"settings":[{"value":"survival","key":"last-server"},{"value":"en","key":"language"}],"version":0}' WHERE `ai` = 3" (applied to [last_ip, last_seen, settings] columns)
[2025/10/27 15:12:38]: [nLogin] The user AK_G4 has successfully logged in.
[2025/10/27 15:20:13]: §3[nLogin] [DEBUG] [SQLite] [UPDATE]: "UPDATE `nlogin` SET `last_name` = 'yanis', `unique_id` = 8631982cc9743376be49ce75caf81ad1,  `mojang_id` = null,  `bedrock_id` = null,  `password` = '$2a$10$k4RFXcK.hV8Gobx3Zk7HieXrjhipJoTt3qCwSzCeZ.oIuf584k0xa', `last_ip` = '0:0:0:0:0:0:0:1', `creation_date` = 2025-10-27 15:00:08.491, `last_seen` = 2025-10-27 15:20:13.027, `email` = null, `discord` = null, `settings` = '{"settings":[{"value":"survival","key":"last-server"},{"value":"en","key":"language"}],"version":0}' WHERE `ai` = 5" (applied to [last_seen, settings] columns)
[2025/10/27 15:21:45]: §3[nLogin] [DEBUG] [SQLite] [UPDATE]: "UPDATE `nlogin` SET `last_name` = 'yanis', `unique_id` = 8631982cc9743376be49ce75caf81ad1,  `mojang_id` = null,  `bedrock_id` = null,  `password` = '$2a$10$k4RFXcK.hV8Gobx3Zk7HieXrjhipJoTt3qCwSzCeZ.oIuf584k0xa', `last_ip` = '0:0:0:0:0:0:0:1', `creation_date` = 2025-10-27 15:00:08.491, `last_seen` = 2025-10-27 15:21:45.62, `email` = null, `discord` = null, `settings` = '{"settings":[{"value":"survival","key":"last-server"},{"value":"en","key":"language"}],"version":0}' WHERE `ai` = 5" (applied to [last_ip, last_seen, settings] columns)
[2025/10/27 15:21:45]: [nLogin] The user yanis has successfully logged in.
[2025/10/27 15:27:55]: §3[nLogin] [DEBUG] [SQLite] [UPDATE]: "UPDATE `nlogin` SET `last_name` = 'yanis', `unique_id` = 8631982cc9743376be49ce75caf81ad1,  `mojang_id` = null,  `bedrock_id` = null,  `password` = '$2a$10$k4RFXcK.hV8Gobx3Zk7HieXrjhipJoTt3qCwSzCeZ.oIuf584k0xa', `last_ip` = '0:0:0:0:0:0:0:1', `creation_date` = 2025-10-27 15:00:08.491, `last_seen` = 2025-10-27 15:27:55.941, `email` = null, `discord` = null, `settings` = '{"settings":[{"value":"survival","key":"last-server"},{"value":"en","key":"language"}],"version":0}' WHERE `ai` = 5" (applied to [last_seen, settings] columns)
[2025/10/27 15:28:37]: §3[nLogin] [DEBUG] [SQLite] [UPDATE]: "UPDATE `nlogin` SET `last_name` = 'yanis', `unique_id` = 8631982cc9743376be49ce75caf81ad1,  `mojang_id` = null,  `bedrock_id` = null,  `password` = '$2a$10$k4RFXcK.hV8Gobx3Zk7HieXrjhipJoTt3qCwSzCeZ.oIuf584k0xa', `last_ip` = '0:0:0:0:0:0:0:1', `creation_date` = 2025-10-27 15:00:08.491, `last_seen` = 2025-10-27 15:28:37.621, `email` = null, `discord` = null, `settings` = '{"settings":[{"value":"survival","key":"last-server"},{"value":"en","key":"language"}],"version":0}' WHERE `ai` = 5" (applied to [last_ip, last_seen, settings] columns)
[2025/10/27 15:28:37]: [nLogin] The user yanis has successfully logged in.
[2025/10/27 15:33:16]: §3[nLogin] [DEBUG] [SQLite] [UPDATE]: "UPDATE `nlogin` SET `last_name` = 'yanis', `unique_id` = 8631982cc9743376be49ce75caf81ad1,  `mojang_id` = null,  `bedrock_id` = null,  `password` = '$2a$10$k4RFXcK.hV8Gobx3Zk7HieXrjhipJoTt3qCwSzCeZ.oIuf584k0xa', `last_ip` = '0:0:0:0:0:0:0:1', `creation_date` = 2025-10-27 15:00:08.491, `last_seen` = 2025-10-27 15:33:16.59, `email` = null, `discord` = null, `settings` = '{"settings":[{"value":"survival","key":"last-server"},{"value":"en","key":"language"}],"version":0}' WHERE `ai` = 5" (applied to [last_seen, settings] columns)
[2025/10/27 15:38:00]: §3[nLogin] [DEBUG] The yanis (0:0:0:0:0:0:0:1) player entered an incorrect password
[2025/10/27 15:38:15]: §3[nLogin] [DEBUG] [SQLite] [UPDATE]: "UPDATE `nlogin` SET `last_name` = 'yanis', `unique_id` = 8631982cc9743376be49ce75caf81ad1,  `mojang_id` = null,  `bedrock_id` = null,  `password` = '$2a$10$k4RFXcK.hV8Gobx3Zk7HieXrjhipJoTt3qCwSzCeZ.oIuf584k0xa', `last_ip` = '0:0:0:0:0:0:0:1', `creation_date` = 2025-10-27 15:00:08.491, `last_seen` = 2025-10-27 15:38:15.672, `email` = null, `discord` = null, `settings` = '{"settings":[{"value":"survival","key":"last-server"},{"value":"en","key":"language"}],"version":0}' WHERE `ai` = 5" (applied to [last_ip, last_seen, settings] columns)
[2025/10/27 15:38:15]: [nLogin] The user yanis has successfully logged in.
[2025/10/27 15:46:00]: §3[nLogin] [DEBUG] [SQLite] [UPDATE]: "UPDATE `nlogin` SET `last_name` = 'AK3855', `unique_id` = 15f50b28b3b93e58910f08ad7a4934f4,  `mojang_id` = null,  `bedrock_id` = null,  `password` = '$2a$10$LcfU9geO8H6Z/nxOF.LAuO4lARPtaBWkQcAVOrrB7H1KXn0k3K6X2', `last_ip` = '0:0:0:0:0:0:0:1', `creation_date` = 2025-10-24 15:01:36.759, `last_seen` = 2025-10-27 15:46:00.63, `email` = null, `discord` = null, `settings` = '{"settings":[{"value":"survival","key":"last-server"},{"value":"en","key":"language"}],"version":0}' WHERE `ai` = 2" (applied to [last_seen, settings] columns)
[2025/10/27 15:46:09]: §3[nLogin] [DEBUG] [SQLite] [UPDATE]: "UPDATE `nlogin` SET `last_name` = 'yanis', `unique_id` = 8631982cc9743376be49ce75caf81ad1,  `mojang_id` = null,  `bedrock_id` = null,  `password` = '$2a$10$k4RFXcK.hV8Gobx3Zk7HieXrjhipJoTt3qCwSzCeZ.oIuf584k0xa', `last_ip` = '0:0:0:0:0:0:0:1', `creation_date` = 2025-10-27 15:00:08.491, `last_seen` = 2025-10-27 15:46:09.826, `email` = null, `discord` = null, `settings` = '{"settings":[{"value":"survival","key":"last-server"},{"value":"en","key":"language"}],"version":0}' WHERE `ai` = 5" (applied to [last_seen, settings] columns)
[2025/10/27 15:46:32]: §3[nLogin] [DEBUG] [SQLite] [UPDATE]: "UPDATE `nlogin` SET `last_name` = 'yanis', `unique_id` = 8631982cc9743376be49ce75caf81ad1,  `mojang_id` = null,  `bedrock_id` = null,  `password` = '$2a$10$k4RFXcK.hV8Gobx3Zk7HieXrjhipJoTt3qCwSzCeZ.oIuf584k0xa', `last_ip` = '0:0:0:0:0:0:0:1', `creation_date` = 2025-10-27 15:00:08.491, `last_seen` = 2025-10-27 15:46:32.817, `email` = null, `discord` = null, `settings` = '{"settings":[{"value":"survival","key":"last-server"},{"value":"en","key":"language"}],"version":0}' WHERE `ai` = 5" (applied to [last_ip, last_seen, settings] columns)
[2025/10/27 15:46:32]: [nLogin] The user yanis has successfully logged in.
[2025/10/27 15:47:06]: §3[nLogin] [DEBUG] [SQLite] [UPDATE]: "UPDATE `nlogin` SET `last_name` = 'yanis', `unique_id` = 8631982cc9743376be49ce75caf81ad1,  `mojang_id` = null,  `bedrock_id` = null,  `password` = '$2a$10$k4RFXcK.hV8Gobx3Zk7HieXrjhipJoTt3qCwSzCeZ.oIuf584k0xa', `last_ip` = '0:0:0:0:0:0:0:1', `creation_date` = 2025-10-27 15:00:08.491, `last_seen` = 2025-10-27 15:47:06.273, `email` = null, `discord` = null, `settings` = '{"settings":[{"value":"survival","key":"last-server"},{"value":"en","key":"language"}],"version":0}' WHERE `ai` = 5" (applied to [last_seen, settings] columns)
[2025/10/27 15:47:09]: §3[nLogin] [DEBUG] [SQLite] [UPDATE]: "UPDATE `nlogin` SET `last_name` = 'AK_G4', `unique_id` = 28b5d3195f373a4993a5ad9f1accddc3,  `mojang_id` = null,  `bedrock_id` = null,  `password` = '$2a$10$5Jw3dgZmrC8TzjScIJTXBeo7H9z.RQVuovIp7XsO3SXxPuw6f6fUO', `last_ip` = '0:0:0:0:0:0:0:1', `creation_date` = 2025-10-24 15:02:57.443, `last_seen` = 2025-10-27 15:47:09.206, `email` = null, `discord` = null, `settings` = '{"settings":[{"value":"survival","key":"last-server"},{"value":"en","key":"language"}],"version":0}' WHERE `ai` = 3" (applied to [last_seen, settings] columns)
