[2025/11/06 18:35:09]: §9          __             _       
[2025/11/06 18:35:09]: §9  _ __   / /  ___   __ _(_)_ __  
[2025/11/06 18:35:09]: §9 | '_ \ / /  / _ \ / _` | | '_ \ 
[2025/11/06 18:35:09]: §9 | | | / /__| (_) | (_| | | | | |
[2025/11/06 18:35:09]: §9 |_| |_\____/\___/ \__, |_|_| |_|
[2025/11/06 18:35:09]: §9                  |___/            
[2025/11/06 18:35:09]: §9 By: www.nickuc.com - V 10.4.23 DEVELOPMENT
[2025/11/06 18:35:09]: §9 
[2025/11/06 18:35:09]: §3[nLogin] [DEBUG] All settings were loaded in 392 ms.
[2025/11/06 18:35:09]: §3[nLogin] [DEBUG] Loading the messages_en.yml message file...
[2025/11/06 18:35:09]: §3[nLogin] [DEBUG] All plugin messages were loaded in 86 ms (languageByClient=false).
[2025/11/06 18:35:09]: §3[nLogin] [DEBUG] All proxy settings were loaded in 17 ms.
[2025/11/06 18:35:10]: §3[nLogin] [DEBUG] Loading database...
[2025/11/06 18:35:10]: §3[nLogin] [DEBUG] Starting logger filter...
[2025/11/06 18:35:15]: 
[2025/11/06 18:35:15]:  §bThank you so much for choosing nLogin! §4<3
[2025/11/06 18:35:15]: 
[2025/11/06 18:35:15]:  §4For your safety, please read the message below:
[2025/11/06 18:35:15]:   §cNever download nLogin from unknown sources.
[2025/11/06 18:35:15]:   §cA modified version may contain malicious software.
[2025/11/06 18:35:15]: 
[2025/11/06 18:35:15]:  §3Trusted sources:
[2025/11/06 18:35:15]:   §bwww.nickuc.com
[2025/11/06 18:35:15]:   §bwww.github.com/nickuc
[2025/11/06 18:35:15]:   §bOpeNLogin installer (from Spigot or GitHub)
[2025/11/06 18:35:15]: 
[2025/11/06 18:35:15]:  §3Official support channels:
[2025/11/06 18:35:15]:   §bDiscord group: §fwww.nickuc.com/discord
[2025/11/06 18:35:15]:   §bDocumentation: §fdocs.nickuc.com/nlogin/
[2025/11/06 18:35:15]:   §bEmail: §fsupport@nickuc.com
[2025/11/06 18:35:15]:   §bYouTube: §fyoutube.com/nickuc
[2025/11/06 18:35:15]: 
[2025/11/06 18:35:15]:  §eTo remove this warning, log in with "nlogin.admin" permission on the server
[2025/11/06 18:35:15]:  §eand click the "Setup plugin" button to configure your plugin.
[2025/11/06 18:35:15]: 
[2025/11/06 18:35:54]: §3[nLogin] [DEBUG] The AK_3855 (0:0:0:0:0:0:0:1) player entered an incorrect password
[2025/11/06 18:36:06]: §3[nLogin] [DEBUG] [SQLite] [UPDATE]: "UPDATE `nlogin` SET `last_name` = 'AK_3855', `unique_id` = de0c98c52d133bc0a14dc4360b44b5cc,  `mojang_id` = null,  `bedrock_id` = null,  `password` = '$2a$10$YCwQeIiLj2w0aDk9lnVMbeydFTJV39.s7LDqNYrGHjlgEmrvrx2MO', `last_ip` = '0:0:0:0:0:0:0:1', `creation_date` = 2025-11-05 16:14:24.376, `last_seen` = 2025-11-06 18:36:06.282, `email` = null, `discord` = null, `settings` = '{"settings":[{"value":"survival","key":"last-server"},{"value":"en","key":"language"}],"version":0}' WHERE `ai` = 6" (applied to [last_ip, last_seen, settings] columns)
[2025/11/06 18:36:06]: [nLogin] The user AK_3855 has successfully logged in.
[2025/11/06 18:41:56]: §3[nLogin] [DEBUG] [SQLite] [UPDATE]: "UPDATE `nlogin` SET `last_name` = 'AK_3855', `unique_id` = de0c98c52d133bc0a14dc4360b44b5cc,  `mojang_id` = null,  `bedrock_id` = null,  `password` = '$2a$10$YCwQeIiLj2w0aDk9lnVMbeydFTJV39.s7LDqNYrGHjlgEmrvrx2MO', `last_ip` = '0:0:0:0:0:0:0:1', `creation_date` = 2025-11-05 16:14:24.376, `last_seen` = 2025-11-06 18:41:56.85, `email` = null, `discord` = null, `settings` = '{"settings":[{"value":"survival","key":"last-server"},{"value":"en","key":"language"}],"version":0}' WHERE `ai` = 6" (applied to [last_seen, settings] columns)
[2025/11/06 18:43:15]: §3[nLogin] [DEBUG] [SQLite] [UPDATE]: "UPDATE `nlogin` SET `last_name` = 'AK_3855', `unique_id` = de0c98c52d133bc0a14dc4360b44b5cc,  `mojang_id` = null,  `bedrock_id` = null,  `password` = '$2a$10$YCwQeIiLj2w0aDk9lnVMbeydFTJV39.s7LDqNYrGHjlgEmrvrx2MO', `last_ip` = '0:0:0:0:0:0:0:1', `creation_date` = 2025-11-05 16:14:24.376, `last_seen` = 2025-11-06 18:43:15.3, `email` = null, `discord` = null, `settings` = '{"settings":[{"value":"survival","key":"last-server"},{"value":"en","key":"language"}],"version":0}' WHERE `ai` = 6" (applied to [last_ip, last_seen, settings] columns)
[2025/11/06 18:43:15]: [nLogin] The user AK_3855 has successfully logged in.
[2025/11/06 18:44:34]: §3[nLogin] [DEBUG] [SQLite] [UPDATE]: "UPDATE `nlogin` SET `last_name` = 'AK_3855', `unique_id` = de0c98c52d133bc0a14dc4360b44b5cc,  `mojang_id` = null,  `bedrock_id` = null,  `password` = '$2a$10$YCwQeIiLj2w0aDk9lnVMbeydFTJV39.s7LDqNYrGHjlgEmrvrx2MO', `last_ip` = '0:0:0:0:0:0:0:1', `creation_date` = 2025-11-05 16:14:24.376, `last_seen` = 2025-11-06 18:44:34.343, `email` = null, `discord` = null, `settings` = '{"settings":[{"value":"auth","key":"last-server"},{"value":"en","key":"language"}],"version":0}' WHERE `ai` = 6" (applied to [last_seen, settings] columns)
[2025/11/06 18:45:13]: §3[nLogin] [DEBUG] [SQLite] [UPDATE]: "UPDATE `nlogin` SET `last_name` = 'AK_3855', `unique_id` = de0c98c52d133bc0a14dc4360b44b5cc,  `mojang_id` = null,  `bedrock_id` = null,  `password` = '$2a$10$YCwQeIiLj2w0aDk9lnVMbeydFTJV39.s7LDqNYrGHjlgEmrvrx2MO', `last_ip` = '0:0:0:0:0:0:0:1', `creation_date` = 2025-11-05 16:14:24.376, `last_seen` = 2025-11-06 18:45:13.385, `email` = null, `discord` = null, `settings` = '{"settings":[{"value":"auth","key":"last-server"},{"value":"en","key":"language"}],"version":0}' WHERE `ai` = 6" (applied to [last_ip, last_seen, settings] columns)
[2025/11/06 18:45:13]: [nLogin] The user AK_3855 has successfully logged in.
[2025/11/06 18:46:47]: §3[nLogin] [DEBUG] [SQLite] [UPDATE]: "UPDATE `nlogin` SET `last_name` = 'AK_3855', `unique_id` = de0c98c52d133bc0a14dc4360b44b5cc,  `mojang_id` = null,  `bedrock_id` = null,  `password` = '$2a$10$YCwQeIiLj2w0aDk9lnVMbeydFTJV39.s7LDqNYrGHjlgEmrvrx2MO', `last_ip` = '0:0:0:0:0:0:0:1', `creation_date` = 2025-11-05 16:14:24.376, `last_seen` = 2025-11-06 18:46:47.778, `email` = null, `discord` = null, `settings` = '{"settings":[{"value":"auth","key":"last-server"},{"value":"en","key":"language"}],"version":0}' WHERE `ai` = 6" (applied to [last_seen, settings] columns)
[2025/11/06 18:47:00]: §3[nLogin] [DEBUG] [SQLite] [UPDATE]: "UPDATE `nlogin` SET `last_name` = 'AK_3855', `unique_id` = de0c98c52d133bc0a14dc4360b44b5cc,  `mojang_id` = null,  `bedrock_id` = null,  `password` = '$2a$10$YCwQeIiLj2w0aDk9lnVMbeydFTJV39.s7LDqNYrGHjlgEmrvrx2MO', `last_ip` = '0:0:0:0:0:0:0:1', `creation_date` = 2025-11-05 16:14:24.376, `last_seen` = 2025-11-06 18:47:00.814, `email` = null, `discord` = null, `settings` = '{"settings":[{"value":"auth","key":"last-server"},{"value":"en","key":"language"}],"version":0}' WHERE `ai` = 6" (applied to [last_ip, last_seen, settings] columns)
[2025/11/06 18:47:00]: [nLogin] The user AK_3855 has successfully logged in.
[2025/11/06 18:48:03]: §3[nLogin] [DEBUG] [SQLite] [UPDATE]: "UPDATE `nlogin` SET `last_name` = 'AK_3855', `unique_id` = de0c98c52d133bc0a14dc4360b44b5cc,  `mojang_id` = null,  `bedrock_id` = null,  `password` = '$2a$10$YCwQeIiLj2w0aDk9lnVMbeydFTJV39.s7LDqNYrGHjlgEmrvrx2MO', `last_ip` = '0:0:0:0:0:0:0:1', `creation_date` = 2025-11-05 16:14:24.376, `last_seen` = 2025-11-06 18:48:03.945, `email` = null, `discord` = null, `settings` = '{"settings":[{"value":"survival","key":"last-server"},{"value":"en","key":"language"}],"version":0}' WHERE `ai` = 6" (applied to [last_seen, settings] columns)
[2025/11/06 18:50:01]: §3[nLogin] [DEBUG] [SQLite] [UPDATE]: "UPDATE `nlogin` SET `last_name` = 'AK_3855', `unique_id` = de0c98c52d133bc0a14dc4360b44b5cc,  `mojang_id` = null,  `bedrock_id` = null,  `password` = '$2a$10$YCwQeIiLj2w0aDk9lnVMbeydFTJV39.s7LDqNYrGHjlgEmrvrx2MO', `last_ip` = '0:0:0:0:0:0:0:1', `creation_date` = 2025-11-05 16:14:24.376, `last_seen` = 2025-11-06 18:50:01.791, `email` = null, `discord` = null, `settings` = '{"settings":[{"value":"survival","key":"last-server"},{"value":"en","key":"language"}],"version":0}' WHERE `ai` = 6" (applied to [last_ip, last_seen, settings] columns)
[2025/11/06 18:50:01]: [nLogin] The user AK_3855 has successfully logged in.
[2025/11/06 18:51:13]: §3[nLogin] [DEBUG] [SQLite] [UPDATE]: "UPDATE `nlogin` SET `last_name` = 'AK_3855', `unique_id` = de0c98c52d133bc0a14dc4360b44b5cc,  `mojang_id` = null,  `bedrock_id` = null,  `password` = '$2a$10$YCwQeIiLj2w0aDk9lnVMbeydFTJV39.s7LDqNYrGHjlgEmrvrx2MO', `last_ip` = '0:0:0:0:0:0:0:1', `creation_date` = 2025-11-05 16:14:24.376, `last_seen` = 2025-11-06 18:51:13.127, `email` = null, `discord` = null, `settings` = '{"settings":[{"value":"survival","key":"last-server"},{"value":"en","key":"language"}],"version":0}' WHERE `ai` = 6" (applied to [last_seen, settings] columns)
[2025/11/06 18:52:42]: [nLogin] Successful plugin core shutdown (took 0.00s)
