[2025/11/07 16:06:39]: §9          __             _       
[2025/11/07 16:06:39]: §9  _ __   / /  ___   __ _(_)_ __  
[2025/11/07 16:06:39]: §9 | '_ \ / /  / _ \ / _` | | '_ \ 
[2025/11/07 16:06:39]: §9 | | | / /__| (_) | (_| | | | | |
[2025/11/07 16:06:39]: §9 |_| |_\____/\___/ \__, |_|_| |_|
[2025/11/07 16:06:39]: §9                  |___/            
[2025/11/07 16:06:39]: §9 By: www.nickuc.com - V 10.4.23 DEVELOPMENT
[2025/11/07 16:06:39]: §9 
[2025/11/07 16:06:40]: §3[nLogin] [DEBUG] All settings were loaded in 426 ms.
[2025/11/07 16:06:40]: §3[nLogin] [DEBUG] Loading the messages_en.yml message file...
[2025/11/07 16:06:40]: §3[nLogin] [DEBUG] All plugin messages were loaded in 175 ms (languageByClient=false).
[2025/11/07 16:06:40]: §3[nLogin] [DEBUG] All proxy settings were loaded in 31 ms.
[2025/11/07 16:06:40]: §3[nLogin] [DEBUG] Loading database...
[2025/11/07 16:06:41]: §3[nLogin] [DEBUG] Starting logger filter...
[2025/11/07 16:06:46]: 
[2025/11/07 16:06:46]:  §bThank you so much for choosing nLogin! §4<3
[2025/11/07 16:06:46]: 
[2025/11/07 16:06:46]:  §4For your safety, please read the message below:
[2025/11/07 16:06:46]:   §cNever download nLogin from unknown sources.
[2025/11/07 16:06:46]:   §cA modified version may contain malicious software.
[2025/11/07 16:06:46]: 
[2025/11/07 16:06:46]:  §3Trusted sources:
[2025/11/07 16:06:46]:   §bwww.nickuc.com
[2025/11/07 16:06:46]:   §bwww.github.com/nickuc
[2025/11/07 16:06:46]:   §bOpeNLogin installer (from Spigot or GitHub)
[2025/11/07 16:06:46]: 
[2025/11/07 16:06:46]:  §3Official support channels:
[2025/11/07 16:06:46]:   §bDiscord group: §fwww.nickuc.com/discord
[2025/11/07 16:06:46]:   §bDocumentation: §fdocs.nickuc.com/nlogin/
[2025/11/07 16:06:46]:   §bEmail: §fsupport@nickuc.com
[2025/11/07 16:06:46]:   §bYouTube: §fyoutube.com/nickuc
[2025/11/07 16:06:46]: 
[2025/11/07 16:06:46]:  §eTo remove this warning, log in with "nlogin.admin" permission on the server
[2025/11/07 16:06:46]:  §eand click the "Setup plugin" button to configure your plugin.
[2025/11/07 16:06:46]: 
[2025/11/07 16:07:02]: §3[nLogin] [DEBUG] [SQLite] [UPDATE]: "UPDATE `nlogin` SET `last_name` = 'AK_G4', `unique_id` = 28b5d3195f373a4993a5ad9f1accddc3,  `mojang_id` = null,  `bedrock_id` = null,  `password` = '$2a$10$5Jw3dgZmrC8TzjScIJTXBeo7H9z.RQVuovIp7XsO3SXxPuw6f6fUO', `last_ip` = '0:0:0:0:0:0:0:1', `creation_date` = 2025-10-24 15:02:57.443, `last_seen` = 2025-11-07 16:07:01.997, `email` = null, `discord` = null, `settings` = '{"settings":[{"value":"survival","key":"last-server"},{"value":"en","key":"language"}],"version":0}' WHERE `ai` = 3" (applied to [last_ip, last_seen, settings] columns)
[2025/11/07 16:07:02]: [nLogin] The user AK_G4 has successfully logged in.
[2025/11/07 16:07:26]: §3[nLogin] [DEBUG] [SQLite] [UPDATE]: "UPDATE `nlogin` SET `last_name` = 'yanis', `unique_id` = 8631982cc9743376be49ce75caf81ad1,  `mojang_id` = null,  `bedrock_id` = null,  `password` = '$2a$10$k4RFXcK.hV8Gobx3Zk7HieXrjhipJoTt3qCwSzCeZ.oIuf584k0xa', `last_ip` = '0:0:0:0:0:0:0:1', `creation_date` = 2025-10-27 15:00:08.491, `last_seen` = 2025-11-07 16:07:26.007, `email` = null, `discord` = null, `settings` = '{"settings":[{"value":"survival","key":"last-server"},{"value":"en","key":"language"}],"version":0}' WHERE `ai` = 5" (applied to [last_ip, last_seen, settings] columns)
[2025/11/07 16:07:26]: [nLogin] The user yanis has successfully logged in.
[2025/11/07 16:07:30]: §3[nLogin] [DEBUG] [SQLite] [UPDATE]: "UPDATE `nlogin` SET `last_name` = 'AK_G4', `unique_id` = 28b5d3195f373a4993a5ad9f1accddc3,  `mojang_id` = null,  `bedrock_id` = null,  `password` = '$2a$10$5Jw3dgZmrC8TzjScIJTXBeo7H9z.RQVuovIp7XsO3SXxPuw6f6fUO', `last_ip` = '0:0:0:0:0:0:0:1', `creation_date` = 2025-10-24 15:02:57.443, `last_seen` = 2025-11-07 16:07:30.14, `email` = null, `discord` = null, `settings` = '{"settings":[{"value":"auth","key":"last-server"},{"value":"en","key":"language"}],"version":0}' WHERE `ai` = 3" (applied to [last_seen, settings] columns)
[2025/11/07 16:07:32]: §3[nLogin] [DEBUG] [SQLite] [UPDATE]: "UPDATE `nlogin` SET `last_name` = 'AK_3855', `unique_id` = de0c98c52d133bc0a14dc4360b44b5cc,  `mojang_id` = null,  `bedrock_id` = null,  `password` = '$2a$10$YCwQeIiLj2w0aDk9lnVMbeydFTJV39.s7LDqNYrGHjlgEmrvrx2MO', `last_ip` = '0:0:0:0:0:0:0:1', `creation_date` = 2025-11-05 16:14:24.376, `last_seen` = 2025-11-07 16:07:32.115, `email` = null, `discord` = null, `settings` = '{"settings":[{"value":"survival","key":"last-server"},{"value":"en","key":"language"}],"version":0}' WHERE `ai` = 6" (applied to [last_ip, last_seen, settings] columns)
[2025/11/07 16:07:32]: [nLogin] The user AK_3855 has successfully logged in.
[2025/11/07 16:07:57]: §3[nLogin] [DEBUG] [SQLite] [UPDATE]: "INSERT INTO `nlogin` (`last_name`, `unique_id`, `mojang_id`, `bedrock_id`, `password`, `last_ip`, `creation_date`, `last_seen`, `email`, `discord`, `settings`) VALUES ('AK_G4B', 3e8f0b7f42b63611ada720036a96ad54, null, null, '$2a$10$anbiMQ..kxZ/UBxdNAN6suflDaCB8cJC7ajaMVoZOa/d/3GG7rx1S', '0:0:0:0:0:0:0:1', '2025-11-07 16:07:57.554', '2025-11-07 16:07:57.554', null, null, '{"settings":[{"value":true,"key":"force-invalid-session"}],"version":0}')" (applied to all columns)
[2025/11/07 16:07:57]: [nLogin] The user AK_G4B has successfully registered.
[2025/11/07 16:09:13]: §3[nLogin] [DEBUG] [SQLite] [UPDATE]: "UPDATE `nlogin` SET `last_name` = 'yanis', `unique_id` = 8631982cc9743376be49ce75caf81ad1,  `mojang_id` = null,  `bedrock_id` = null,  `password` = '$2a$10$k4RFXcK.hV8Gobx3Zk7HieXrjhipJoTt3qCwSzCeZ.oIuf584k0xa', `last_ip` = '0:0:0:0:0:0:0:1', `creation_date` = 2025-10-27 15:00:08.491, `last_seen` = 2025-11-07 16:09:13.282, `email` = null, `discord` = null, `settings` = '{"settings":[{"value":"survival","key":"last-server"},{"value":"en","key":"language"}],"version":0}' WHERE `ai` = 5" (applied to [last_seen, settings] columns)
[2025/11/07 16:09:38]: §3[nLogin] [DEBUG] [SQLite] [UPDATE]: "UPDATE `nlogin` SET `last_name` = 'AK_3855', `unique_id` = de0c98c52d133bc0a14dc4360b44b5cc,  `mojang_id` = null,  `bedrock_id` = null,  `password` = '$2a$10$YCwQeIiLj2w0aDk9lnVMbeydFTJV39.s7LDqNYrGHjlgEmrvrx2MO', `last_ip` = '0:0:0:0:0:0:0:1', `creation_date` = 2025-11-05 16:14:24.376, `last_seen` = 2025-11-07 16:09:38.041, `email` = null, `discord` = null, `settings` = '{"settings":[{"value":"auth","key":"last-server"},{"value":"en","key":"language"}],"version":0}' WHERE `ai` = 6" (applied to [last_seen, settings] columns)
[2025/11/07 16:09:45]: §3[nLogin] [DEBUG] The AK_3855 (0:0:0:0:0:0:0:1) player entered an incorrect password
[2025/11/07 16:09:53]: §3[nLogin] [DEBUG] [SQLite] [UPDATE]: "UPDATE `nlogin` SET `last_name` = 'AK_3855', `unique_id` = de0c98c52d133bc0a14dc4360b44b5cc,  `mojang_id` = null,  `bedrock_id` = null,  `password` = '$2a$10$YCwQeIiLj2w0aDk9lnVMbeydFTJV39.s7LDqNYrGHjlgEmrvrx2MO', `last_ip` = '0:0:0:0:0:0:0:1', `creation_date` = 2025-11-05 16:14:24.376, `last_seen` = 2025-11-07 16:09:53.232, `email` = null, `discord` = null, `settings` = '{"settings":[{"value":"auth","key":"last-server"},{"value":"en","key":"language"}],"version":0}' WHERE `ai` = 6" (applied to [last_ip, last_seen, settings] columns)
[2025/11/07 16:09:53]: [nLogin] The user AK_3855 has successfully logged in.
[2025/11/07 16:14:10]: §3[nLogin] [DEBUG] [SQLite] [UPDATE]: "UPDATE `nlogin` SET `last_name` = 'AK_G4B', `unique_id` = 3e8f0b7f42b63611ada720036a96ad54,  `mojang_id` = null,  `bedrock_id` = null,  `password` = '$2a$10$anbiMQ..kxZ/UBxdNAN6suflDaCB8cJC7ajaMVoZOa/d/3GG7rx1S', `last_ip` = '0:0:0:0:0:0:0:1', `creation_date` = 2025-11-07 16:07:57.554, `last_seen` = 2025-11-07 16:14:10.02, `email` = null, `discord` = null, `settings` = '{"settings":[{"value":true,"key":"force-invalid-session"},{"value":"survival","key":"last-server"},{"value":"en","key":"language"}],"version":0}' WHERE `ai` = 8" (applied to [last_seen, settings] columns)
[2025/11/07 16:14:20]: §3[nLogin] [DEBUG] [SQLite] [UPDATE]: "UPDATE `nlogin` SET `last_name` = 'AK_G4B', `unique_id` = 3e8f0b7f42b63611ada720036a96ad54,  `mojang_id` = null,  `bedrock_id` = null,  `password` = '$2a$10$anbiMQ..kxZ/UBxdNAN6suflDaCB8cJC7ajaMVoZOa/d/3GG7rx1S', `last_ip` = '0:0:0:0:0:0:0:1', `creation_date` = 2025-11-07 16:07:57.554, `last_seen` = 2025-11-07 16:14:20.402, `email` = null, `discord` = null, `settings` = '{"settings":[{"value":"survival","key":"last-server"},{"value":"en","key":"language"}],"version":0}' WHERE `ai` = 8" (applied to [last_ip, last_seen, settings] columns)
[2025/11/07 16:14:20]: [nLogin] The user AK_G4B has successfully logged in.
[2025/11/07 16:35:23]: §3[nLogin] [DEBUG] [SQLite] [UPDATE]: "UPDATE `nlogin` SET `last_name` = 'AK_3855', `unique_id` = de0c98c52d133bc0a14dc4360b44b5cc,  `mojang_id` = null,  `bedrock_id` = null,  `password` = '$2a$10$YCwQeIiLj2w0aDk9lnVMbeydFTJV39.s7LDqNYrGHjlgEmrvrx2MO', `last_ip` = '0:0:0:0:0:0:0:1', `creation_date` = 2025-11-05 16:14:24.376, `last_seen` = 2025-11-07 16:35:23.758, `email` = null, `discord` = null, `settings` = '{"settings":[{"value":"survival","key":"last-server"},{"value":"en","key":"language"}],"version":0}' WHERE `ai` = 6" (applied to [last_seen, settings] columns)
[2025/11/07 16:35:29]: §3[nLogin] [DEBUG] [SQLite] [UPDATE]: "UPDATE `nlogin` SET `last_name` = 'AK_G4B', `unique_id` = 3e8f0b7f42b63611ada720036a96ad54,  `mojang_id` = null,  `bedrock_id` = null,  `password` = '$2a$10$anbiMQ..kxZ/UBxdNAN6suflDaCB8cJC7ajaMVoZOa/d/3GG7rx1S', `last_ip` = '0:0:0:0:0:0:0:1', `creation_date` = 2025-11-07 16:07:57.554, `last_seen` = 2025-11-07 16:35:29.454, `email` = null, `discord` = null, `settings` = '{"settings":[{"value":"survival","key":"last-server"},{"value":"en","key":"language"}],"version":0}' WHERE `ai` = 8" (applied to [last_seen, settings] columns)
