[2025/10/29 15:08:27]: §9          __             _       
[2025/10/29 15:08:27]: §9  _ __   / /  ___   __ _(_)_ __  
[2025/10/29 15:08:27]: §9 | '_ \ / /  / _ \ / _` | | '_ \ 
[2025/10/29 15:08:27]: §9 | | | / /__| (_) | (_| | | | | |
[2025/10/29 15:08:27]: §9 |_| |_\____/\___/ \__, |_|_| |_|
[2025/10/29 15:08:27]: §9                  |___/            
[2025/10/29 15:08:27]: §9 By: www.nickuc.com - V 10.4.23 DEVELOPMENT
[2025/10/29 15:08:27]: §9 
[2025/10/29 15:08:27]: §3[nLogin] [DEBUG] All settings were loaded in 442 ms.
[2025/10/29 15:08:28]: §3[nLogin] [DEBUG] Loading the messages_en.yml message file...
[2025/10/29 15:08:28]: §3[nLogin] [DEBUG] All plugin messages were loaded in 207 ms (languageByClient=false).
[2025/10/29 15:08:28]: §3[nLogin] [DEBUG] All proxy settings were loaded in 40 ms.
[2025/10/29 15:08:28]: §3[nLogin] [DEBUG] Loading database...
[2025/10/29 15:08:28]: §3[nLogin] [DEBUG] Starting logger filter...
[2025/10/29 15:08:33]: 
[2025/10/29 15:08:33]:  §bThank you so much for choosing nLogin! §4<3
[2025/10/29 15:08:33]: 
[2025/10/29 15:08:33]:  §4For your safety, please read the message below:
[2025/10/29 15:08:34]:   §cNever download nLogin from unknown sources.
[2025/10/29 15:08:34]:   §cA modified version may contain malicious software.
[2025/10/29 15:08:34]: 
[2025/10/29 15:08:34]:  §3Trusted sources:
[2025/10/29 15:08:34]:   §bwww.nickuc.com
[2025/10/29 15:08:34]:   §bwww.github.com/nickuc
[2025/10/29 15:08:34]:   §bOpeNLogin installer (from Spigot or GitHub)
[2025/10/29 15:08:34]: 
[2025/10/29 15:08:34]:  §3Official support channels:
[2025/10/29 15:08:34]:   §bDiscord group: §fwww.nickuc.com/discord
[2025/10/29 15:08:34]:   §bDocumentation: §fdocs.nickuc.com/nlogin/
[2025/10/29 15:08:34]:   §bEmail: §fsupport@nickuc.com
[2025/10/29 15:08:34]:   §bYouTube: §fyoutube.com/nickuc
[2025/10/29 15:08:34]: 
[2025/10/29 15:08:34]:  §eTo remove this warning, log in with "nlogin.admin" permission on the server
[2025/10/29 15:08:34]:  §eand click the "Setup plugin" button to configure your plugin.
[2025/10/29 15:08:34]: 
[2025/10/29 15:09:31]: §3[nLogin] [DEBUG] [SQLite] [UPDATE]: "UPDATE `nlogin` SET `last_name` = 'AK3855', `unique_id` = 15f50b28b3b93e58910f08ad7a4934f4,  `mojang_id` = null,  `bedrock_id` = null,  `password` = '$2a$10$LcfU9geO8H6Z/nxOF.LAuO4lARPtaBWkQcAVOrrB7H1KXn0k3K6X2', `last_ip` = '0:0:0:0:0:0:0:1', `creation_date` = 2025-10-24 15:01:36.759, `last_seen` = 2025-10-29 15:09:31.778, `email` = null, `discord` = null, `settings` = '{"settings":[{"value":"survival","key":"last-server"},{"value":"en","key":"language"}],"version":0}' WHERE `ai` = 2" (applied to [last_ip, last_seen, settings] columns)
[2025/10/29 15:09:31]: [nLogin] The user AK3855 has successfully logged in.
[2025/10/29 15:10:02]: §3[nLogin] [DEBUG] [SQLite] [UPDATE]: "UPDATE `nlogin` SET `last_name` = 'AK_G4', `unique_id` = 28b5d3195f373a4993a5ad9f1accddc3,  `mojang_id` = null,  `bedrock_id` = null,  `password` = '$2a$10$5Jw3dgZmrC8TzjScIJTXBeo7H9z.RQVuovIp7XsO3SXxPuw6f6fUO', `last_ip` = '0:0:0:0:0:0:0:1', `creation_date` = 2025-10-24 15:02:57.443, `last_seen` = 2025-10-29 15:10:02.799, `email` = null, `discord` = null, `settings` = '{"settings":[{"value":"survival","key":"last-server"},{"value":"en","key":"language"}],"version":0}' WHERE `ai` = 3" (applied to [last_ip, last_seen, settings] columns)
[2025/10/29 15:10:02]: [nLogin] The user AK_G4 has successfully logged in.
[2025/10/29 15:13:46]: §3[nLogin] [DEBUG] The yanis (0:0:0:0:0:0:0:1) player entered an incorrect password
[2025/10/29 15:14:01]: §3[nLogin] [DEBUG] [SQLite] [UPDATE]: "UPDATE `nlogin` SET `last_name` = 'yanis', `unique_id` = 8631982cc9743376be49ce75caf81ad1,  `mojang_id` = null,  `bedrock_id` = null,  `password` = '$2a$10$k4RFXcK.hV8Gobx3Zk7HieXrjhipJoTt3qCwSzCeZ.oIuf584k0xa', `last_ip` = '0:0:0:0:0:0:0:1', `creation_date` = 2025-10-27 15:00:08.491, `last_seen` = 2025-10-29 15:14:01.986, `email` = null, `discord` = null, `settings` = '{"settings":[{"value":"auth","key":"last-server"},{"value":"en","key":"language"}],"version":0}' WHERE `ai` = 5" (applied to [last_ip, last_seen, settings] columns)
[2025/10/29 15:14:01]: [nLogin] The user yanis has successfully logged in.
[2025/10/29 15:29:24]: §3[nLogin] [DEBUG] [SQLite] [UPDATE]: "UPDATE `nlogin` SET `last_name` = 'AK3855', `unique_id` = 15f50b28b3b93e58910f08ad7a4934f4,  `mojang_id` = null,  `bedrock_id` = null,  `password` = '$2a$10$LcfU9geO8H6Z/nxOF.LAuO4lARPtaBWkQcAVOrrB7H1KXn0k3K6X2', `last_ip` = '0:0:0:0:0:0:0:1', `creation_date` = 2025-10-24 15:01:36.759, `last_seen` = 2025-10-29 15:29:24.672, `email` = null, `discord` = null, `settings` = '{"settings":[{"value":"survival","key":"last-server"},{"value":"en","key":"language"}],"version":0}' WHERE `ai` = 2" (applied to [last_seen, settings] columns)
[2025/10/29 15:39:08]: §3[nLogin] [DEBUG] [SQLite] [UPDATE]: "UPDATE `nlogin` SET `last_name` = 'yanis', `unique_id` = 8631982cc9743376be49ce75caf81ad1,  `mojang_id` = null,  `bedrock_id` = null,  `password` = '$2a$10$k4RFXcK.hV8Gobx3Zk7HieXrjhipJoTt3qCwSzCeZ.oIuf584k0xa', `last_ip` = '0:0:0:0:0:0:0:1', `creation_date` = 2025-10-27 15:00:08.491, `last_seen` = 2025-10-29 15:39:08.541, `email` = null, `discord` = null, `settings` = '{"settings":[{"value":"survival","key":"last-server"},{"value":"en","key":"language"}],"version":0}' WHERE `ai` = 5" (applied to [last_seen, settings] columns)
[2025/10/29 15:39:12]: §3[nLogin] [DEBUG] [SQLite] [UPDATE]: "UPDATE `nlogin` SET `last_name` = 'AK_G4', `unique_id` = 28b5d3195f373a4993a5ad9f1accddc3,  `mojang_id` = null,  `bedrock_id` = null,  `password` = '$2a$10$5Jw3dgZmrC8TzjScIJTXBeo7H9z.RQVuovIp7XsO3SXxPuw6f6fUO', `last_ip` = '0:0:0:0:0:0:0:1', `creation_date` = 2025-10-24 15:02:57.443, `last_seen` = 2025-10-29 15:39:12.215, `email` = null, `discord` = null, `settings` = '{"settings":[{"value":"survival","key":"last-server"},{"value":"en","key":"language"}],"version":0}' WHERE `ai` = 3" (applied to [last_seen, settings] columns)
