[2025/10/28 15:00:11]: §9          __             _       
[2025/10/28 15:00:11]: §9  _ __   / /  ___   __ _(_)_ __  
[2025/10/28 15:00:11]: §9 | '_ \ / /  / _ \ / _` | | '_ \ 
[2025/10/28 15:00:11]: §9 | | | / /__| (_) | (_| | | | | |
[2025/10/28 15:00:11]: §9 |_| |_\____/\___/ \__, |_|_| |_|
[2025/10/28 15:00:11]: §9                  |___/            
[2025/10/28 15:00:11]: §9 By: www.nickuc.com - V 10.4.23 DEVELOPMENT
[2025/10/28 15:00:11]: §9 
[2025/10/28 15:00:11]: §3[nLogin] [DEBUG] All settings were loaded in 348 ms.
[2025/10/28 15:00:11]: §3[nLogin] [DEBUG] Loading the messages_en.yml message file...
[2025/10/28 15:00:11]: §3[nLogin] [DEBUG] All plugin messages were loaded in 184 ms (languageByClient=false).
[2025/10/28 15:00:11]: §3[nLogin] [DEBUG] All proxy settings were loaded in 24 ms.
[2025/10/28 15:00:12]: §3[nLogin] [DEBUG] Loading database...
[2025/10/28 15:00:12]: §3[nLogin] [DEBUG] Starting logger filter...
[2025/10/28 15:00:17]: 
[2025/10/28 15:00:17]:  §bThank you so much for choosing nLogin! §4<3
[2025/10/28 15:00:17]: 
[2025/10/28 15:00:17]:  §4For your safety, please read the message below:
[2025/10/28 15:00:17]:   §cNever download nLogin from unknown sources.
[2025/10/28 15:00:17]:   §cA modified version may contain malicious software.
[2025/10/28 15:00:17]: 
[2025/10/28 15:00:17]:  §3Trusted sources:
[2025/10/28 15:00:17]:   §bwww.nickuc.com
[2025/10/28 15:00:17]:   §bwww.github.com/nickuc
[2025/10/28 15:00:17]:   §bOpeNLogin installer (from Spigot or GitHub)
[2025/10/28 15:00:17]: 
[2025/10/28 15:00:17]:  §3Official support channels:
[2025/10/28 15:00:17]:   §bDiscord group: §fwww.nickuc.com/discord
[2025/10/28 15:00:17]:   §bDocumentation: §fdocs.nickuc.com/nlogin/
[2025/10/28 15:00:17]:   §bEmail: §fsupport@nickuc.com
[2025/10/28 15:00:17]:   §bYouTube: §fyoutube.com/nickuc
[2025/10/28 15:00:17]: 
[2025/10/28 15:00:17]:  §eTo remove this warning, log in with "nlogin.admin" permission on the server
[2025/10/28 15:00:17]:  §eand click the "Setup plugin" button to configure your plugin.
[2025/10/28 15:00:17]: 
[2025/10/28 15:01:10]: §3[nLogin] [DEBUG] [SQLite] [UPDATE]: "UPDATE `nlogin` SET `last_name` = 'yanis', `unique_id` = 8631982cc9743376be49ce75caf81ad1,  `mojang_id` = null,  `bedrock_id` = null,  `password` = '$2a$10$k4RFXcK.hV8Gobx3Zk7HieXrjhipJoTt3qCwSzCeZ.oIuf584k0xa', `last_ip` = '0:0:0:0:0:0:0:1', `creation_date` = 2025-10-27 15:00:08.491, `last_seen` = 2025-10-28 15:01:10.184, `email` = null, `discord` = null, `settings` = '{"settings":[{"value":"survival","key":"last-server"},{"value":"en","key":"language"}],"version":0}' WHERE `ai` = 5" (applied to [last_ip, last_seen, settings] columns)
[2025/10/28 15:01:10]: [nLogin] The user yanis has successfully logged in.
[2025/10/28 15:01:20]: §3[nLogin] [DEBUG] [SQLite] [UPDATE]: "UPDATE `nlogin` SET `last_name` = 'yanis', `unique_id` = 8631982cc9743376be49ce75caf81ad1,  `mojang_id` = null,  `bedrock_id` = null,  `password` = '$2a$10$k4RFXcK.hV8Gobx3Zk7HieXrjhipJoTt3qCwSzCeZ.oIuf584k0xa', `last_ip` = '0:0:0:0:0:0:0:1', `creation_date` = 2025-10-27 15:00:08.491, `last_seen` = 2025-10-28 15:01:20.795, `email` = null, `discord` = null, `settings` = '{"settings":[{"value":"auth","key":"last-server"},{"value":"en","key":"language"}],"version":0}' WHERE `ai` = 5" (applied to [last_seen, settings] columns)
[2025/10/28 15:01:43]: §3[nLogin] [DEBUG] [SQLite] [UPDATE]: "UPDATE `nlogin` SET `last_name` = 'yanis', `unique_id` = 8631982cc9743376be49ce75caf81ad1,  `mojang_id` = null,  `bedrock_id` = null,  `password` = '$2a$10$k4RFXcK.hV8Gobx3Zk7HieXrjhipJoTt3qCwSzCeZ.oIuf584k0xa', `last_ip` = '0:0:0:0:0:0:0:1', `creation_date` = 2025-10-27 15:00:08.491, `last_seen` = 2025-10-28 15:01:43.276, `email` = null, `discord` = null, `settings` = '{"settings":[{"value":"auth","key":"last-server"},{"value":"en","key":"language"}],"version":0}' WHERE `ai` = 5" (applied to [last_ip, last_seen, settings] columns)
[2025/10/28 15:01:43]: [nLogin] The user yanis has successfully logged in.
[2025/10/28 15:01:44]: §3[nLogin] [DEBUG] [SQLite] [UPDATE]: "UPDATE `nlogin` SET `last_name` = 'AK3855', `unique_id` = 15f50b28b3b93e58910f08ad7a4934f4,  `mojang_id` = null,  `bedrock_id` = null,  `password` = '$2a$10$LcfU9geO8H6Z/nxOF.LAuO4lARPtaBWkQcAVOrrB7H1KXn0k3K6X2', `last_ip` = '0:0:0:0:0:0:0:1', `creation_date` = 2025-10-24 15:01:36.759, `last_seen` = 2025-10-28 15:01:44.326, `email` = null, `discord` = null, `settings` = '{"settings":[{"value":"survival","key":"last-server"},{"value":"en","key":"language"}],"version":0}' WHERE `ai` = 2" (applied to [last_ip, last_seen, settings] columns)
[2025/10/28 15:01:44]: [nLogin] The user AK3855 has successfully logged in.
[2025/10/28 15:01:57]: §3[nLogin] [DEBUG] [SQLite] [UPDATE]: "UPDATE `nlogin` SET `last_name` = 'yanis', `unique_id` = 8631982cc9743376be49ce75caf81ad1,  `mojang_id` = null,  `bedrock_id` = null,  `password` = '$2a$10$k4RFXcK.hV8Gobx3Zk7HieXrjhipJoTt3qCwSzCeZ.oIuf584k0xa', `last_ip` = '0:0:0:0:0:0:0:1', `creation_date` = 2025-10-27 15:00:08.491, `last_seen` = 2025-10-28 15:01:57.342, `email` = null, `discord` = null, `settings` = '{"settings":[{"value":"auth","key":"last-server"},{"value":"en","key":"language"}],"version":0}' WHERE `ai` = 5" (applied to [last_seen, settings] columns)
[2025/10/28 15:02:12]: §3[nLogin] [DEBUG] [SQLite] [UPDATE]: "UPDATE `nlogin` SET `last_name` = 'AK3855', `unique_id` = 15f50b28b3b93e58910f08ad7a4934f4,  `mojang_id` = null,  `bedrock_id` = null,  `password` = '$2a$10$LcfU9geO8H6Z/nxOF.LAuO4lARPtaBWkQcAVOrrB7H1KXn0k3K6X2', `last_ip` = '0:0:0:0:0:0:0:1', `creation_date` = 2025-10-24 15:01:36.759, `last_seen` = 2025-10-28 15:02:12.944, `email` = null, `discord` = null, `settings` = '{"settings":[{"value":"auth","key":"last-server"},{"value":"en","key":"language"}],"version":0}' WHERE `ai` = 2" (applied to [last_seen, settings] columns)
[2025/10/28 15:02:19]: §3[nLogin] [DEBUG] [SQLite] [UPDATE]: "UPDATE `nlogin` SET `last_name` = 'AK3855', `unique_id` = 15f50b28b3b93e58910f08ad7a4934f4,  `mojang_id` = null,  `bedrock_id` = null,  `password` = '$2a$10$LcfU9geO8H6Z/nxOF.LAuO4lARPtaBWkQcAVOrrB7H1KXn0k3K6X2', `last_ip` = '0:0:0:0:0:0:0:1', `creation_date` = 2025-10-24 15:01:36.759, `last_seen` = 2025-10-28 15:02:19.432, `email` = null, `discord` = null, `settings` = '{"settings":[{"value":"auth","key":"last-server"},{"value":"en","key":"language"}],"version":0}' WHERE `ai` = 2" (applied to [last_ip, last_seen, settings] columns)
[2025/10/28 15:02:19]: [nLogin] The user AK3855 has successfully logged in.
[2025/10/28 15:04:03]: §3[nLogin] [DEBUG] [SQLite] [UPDATE]: "UPDATE `nlogin` SET `last_name` = 'AK3855', `unique_id` = 15f50b28b3b93e58910f08ad7a4934f4,  `mojang_id` = null,  `bedrock_id` = null,  `password` = '$2a$10$LcfU9geO8H6Z/nxOF.LAuO4lARPtaBWkQcAVOrrB7H1KXn0k3K6X2', `last_ip` = '0:0:0:0:0:0:0:1', `creation_date` = 2025-10-24 15:01:36.759, `last_seen` = 2025-10-28 15:04:03.337, `email` = null, `discord` = null, `settings` = '{"settings":[{"value":"auth","key":"last-server"},{"value":"en","key":"language"}],"version":0}' WHERE `ai` = 2" (applied to [last_seen, settings] columns)
[2025/10/28 15:04:25]: §3[nLogin] [DEBUG] [SQLite] [UPDATE]: "UPDATE `nlogin` SET `last_name` = 'AK3855', `unique_id` = 15f50b28b3b93e58910f08ad7a4934f4,  `mojang_id` = null,  `bedrock_id` = null,  `password` = '$2a$10$LcfU9geO8H6Z/nxOF.LAuO4lARPtaBWkQcAVOrrB7H1KXn0k3K6X2', `last_ip` = '0:0:0:0:0:0:0:1', `creation_date` = 2025-10-24 15:01:36.759, `last_seen` = 2025-10-28 15:04:25.381, `email` = null, `discord` = null, `settings` = '{"settings":[{"value":"auth","key":"last-server"},{"value":"en","key":"language"}],"version":0}' WHERE `ai` = 2" (applied to [last_ip, last_seen, settings] columns)
[2025/10/28 15:04:25]: [nLogin] The user AK3855 has successfully logged in.
[2025/10/28 15:06:28]: §3[nLogin] [DEBUG] [SQLite] [UPDATE]: "UPDATE `nlogin` SET `last_name` = 'AK3855', `unique_id` = 15f50b28b3b93e58910f08ad7a4934f4,  `mojang_id` = null,  `bedrock_id` = null,  `password` = '$2a$10$LcfU9geO8H6Z/nxOF.LAuO4lARPtaBWkQcAVOrrB7H1KXn0k3K6X2', `last_ip` = '0:0:0:0:0:0:0:1', `creation_date` = 2025-10-24 15:01:36.759, `last_seen` = 2025-10-28 15:06:28.739, `email` = null, `discord` = null, `settings` = '{"settings":[{"value":"auth","key":"last-server"},{"value":"en","key":"language"}],"version":0}' WHERE `ai` = 2" (applied to [last_seen, settings] columns)
