[2025/11/06 16:27:56]: §9          __             _       
[2025/11/06 16:27:56]: §9  _ __   / /  ___   __ _(_)_ __  
[2025/11/06 16:27:56]: §9 | '_ \ / /  / _ \ / _` | | '_ \ 
[2025/11/06 16:27:56]: §9 | | | / /__| (_) | (_| | | | | |
[2025/11/06 16:27:56]: §9 |_| |_\____/\___/ \__, |_|_| |_|
[2025/11/06 16:27:56]: §9                  |___/            
[2025/11/06 16:27:56]: §9 By: www.nickuc.com - V 10.4.23 DEVELOPMENT
[2025/11/06 16:27:56]: §9 
[2025/11/06 16:27:56]: §3[nLogin] [DEBUG] All settings were loaded in 310 ms.
[2025/11/06 16:27:56]: §3[nLogin] [DEBUG] Loading the messages_en.yml message file...
[2025/11/06 16:27:56]: §3[nLogin] [DEBUG] All plugin messages were loaded in 90 ms (languageByClient=false).
[2025/11/06 16:27:56]: §3[nLogin] [DEBUG] All proxy settings were loaded in 18 ms.
[2025/11/06 16:27:56]: §3[nLogin] [DEBUG] Loading database...
[2025/11/06 16:27:57]: §3[nLogin] [DEBUG] Starting logger filter...
[2025/11/06 16:28:02]: 
[2025/11/06 16:28:02]:  §bThank you so much for choosing nLogin! §4<3
[2025/11/06 16:28:02]: 
[2025/11/06 16:28:02]:  §4For your safety, please read the message below:
[2025/11/06 16:28:02]:   §cNever download nLogin from unknown sources.
[2025/11/06 16:28:02]:   §cA modified version may contain malicious software.
[2025/11/06 16:28:02]: 
[2025/11/06 16:28:02]:  §3Trusted sources:
[2025/11/06 16:28:02]:   §bwww.nickuc.com
[2025/11/06 16:28:02]:   §bwww.github.com/nickuc
[2025/11/06 16:28:02]:   §bOpeNLogin installer (from Spigot or GitHub)
[2025/11/06 16:28:02]: 
[2025/11/06 16:28:02]:  §3Official support channels:
[2025/11/06 16:28:02]:   §bDiscord group: §fwww.nickuc.com/discord
[2025/11/06 16:28:02]:   §bDocumentation: §fdocs.nickuc.com/nlogin/
[2025/11/06 16:28:02]:   §bEmail: §fsupport@nickuc.com
[2025/11/06 16:28:02]:   §bYouTube: §fyoutube.com/nickuc
[2025/11/06 16:28:02]: 
[2025/11/06 16:28:02]:  §eTo remove this warning, log in with "nlogin.admin" permission on the server
[2025/11/06 16:28:02]:  §eand click the "Setup plugin" button to configure your plugin.
[2025/11/06 16:28:02]: 
[2025/11/06 16:28:35]: §3[nLogin] [DEBUG] [SQLite] [UPDATE]: "UPDATE `nlogin` SET `last_name` = 'AK_3855', `unique_id` = de0c98c52d133bc0a14dc4360b44b5cc,  `mojang_id` = null,  `bedrock_id` = null,  `password` = '$2a$10$YCwQeIiLj2w0aDk9lnVMbeydFTJV39.s7LDqNYrGHjlgEmrvrx2MO', `last_ip` = '0:0:0:0:0:0:0:1', `creation_date` = 2025-11-05 16:14:24.376, `last_seen` = 2025-11-06 16:28:35.458, `email` = null, `discord` = null, `settings` = '{"settings":[{"value":"survival","key":"last-server"},{"value":"en","key":"language"}],"version":0}' WHERE `ai` = 6" (applied to [last_ip, last_seen, settings] columns)
[2025/11/06 16:28:35]: [nLogin] The user AK_3855 has successfully logged in.
[2025/11/06 16:33:55]: §3[nLogin] [DEBUG] [SQLite] [UPDATE]: "UPDATE `nlogin` SET `last_name` = 'yanis', `unique_id` = 8631982cc9743376be49ce75caf81ad1,  `mojang_id` = null,  `bedrock_id` = null,  `password` = '$2a$10$k4RFXcK.hV8Gobx3Zk7HieXrjhipJoTt3qCwSzCeZ.oIuf584k0xa', `last_ip` = '0:0:0:0:0:0:0:1', `creation_date` = 2025-10-27 15:00:08.491, `last_seen` = 2025-11-06 16:33:55.214, `email` = null, `discord` = null, `settings` = '{"settings":[{"value":"survival","key":"last-server"},{"value":"en","key":"language"}],"version":0}' WHERE `ai` = 5" (applied to [last_ip, last_seen, settings] columns)
[2025/11/06 16:33:55]: [nLogin] The user yanis has successfully logged in.
[2025/11/06 16:46:23]: §3[nLogin] [DEBUG] [SQLite] [UPDATE]: "UPDATE `nlogin` SET `last_name` = 'yanis', `unique_id` = 8631982cc9743376be49ce75caf81ad1,  `mojang_id` = null,  `bedrock_id` = null,  `password` = '$2a$10$k4RFXcK.hV8Gobx3Zk7HieXrjhipJoTt3qCwSzCeZ.oIuf584k0xa', `last_ip` = '0:0:0:0:0:0:0:1', `creation_date` = 2025-10-27 15:00:08.491, `last_seen` = 2025-11-06 16:46:23.373, `email` = null, `discord` = null, `settings` = '{"settings":[{"value":"survival","key":"last-server"},{"value":"en","key":"language"}],"version":0}' WHERE `ai` = 5" (applied to [last_seen, settings] columns)
[2025/11/06 16:46:53]: §3[nLogin] [DEBUG] [SQLite] [UPDATE]: "UPDATE `nlogin` SET `last_name` = 'AK_3855', `unique_id` = de0c98c52d133bc0a14dc4360b44b5cc,  `mojang_id` = null,  `bedrock_id` = null,  `password` = '$2a$10$YCwQeIiLj2w0aDk9lnVMbeydFTJV39.s7LDqNYrGHjlgEmrvrx2MO', `last_ip` = '0:0:0:0:0:0:0:1', `creation_date` = 2025-11-05 16:14:24.376, `last_seen` = 2025-11-06 16:46:53.132, `email` = null, `discord` = null, `settings` = '{"settings":[{"value":"survival","key":"last-server"},{"value":"en","key":"language"}],"version":0}' WHERE `ai` = 6" (applied to [last_seen, settings] columns)
