[2025/11/06 13:18:26]: §9          __             _       
[2025/11/06 13:18:26]: §9  _ __   / /  ___   __ _(_)_ __  
[2025/11/06 13:18:26]: §9 | '_ \ / /  / _ \ / _` | | '_ \ 
[2025/11/06 13:18:26]: §9 | | | / /__| (_) | (_| | | | | |
[2025/11/06 13:18:26]: §9 |_| |_\____/\___/ \__, |_|_| |_|
[2025/11/06 13:18:26]: §9                  |___/            
[2025/11/06 13:18:26]: §9 By: www.nickuc.com - V 10.4.23 DEVELOPMENT
[2025/11/06 13:18:26]: §9 
[2025/11/06 13:18:26]: §3[nLogin] [DEBUG] All settings were loaded in 354 ms.
[2025/11/06 13:18:26]: §3[nLogin] [DEBUG] Loading the messages_en.yml message file...
[2025/11/06 13:18:26]: §3[nLogin] [DEBUG] All plugin messages were loaded in 254 ms (languageByClient=false).
[2025/11/06 13:18:26]: §3[nLogin] [DEBUG] All proxy settings were loaded in 22 ms.
[2025/11/06 13:18:26]: §3[nLogin] [DEBUG] Loading database...
[2025/11/06 13:18:27]: §3[nLogin] [DEBUG] Starting logger filter...
[2025/11/06 13:18:32]: 
[2025/11/06 13:18:32]:  §bThank you so much for choosing nLogin! §4<3
[2025/11/06 13:18:32]: 
[2025/11/06 13:18:32]:  §4For your safety, please read the message below:
[2025/11/06 13:18:32]:   §cNever download nLogin from unknown sources.
[2025/11/06 13:18:32]:   §cA modified version may contain malicious software.
[2025/11/06 13:18:32]: 
[2025/11/06 13:18:32]:  §3Trusted sources:
[2025/11/06 13:18:32]:   §bwww.nickuc.com
[2025/11/06 13:18:32]:   §bwww.github.com/nickuc
[2025/11/06 13:18:32]:   §bOpeNLogin installer (from Spigot or GitHub)
[2025/11/06 13:18:32]: 
[2025/11/06 13:18:32]:  §3Official support channels:
[2025/11/06 13:18:32]:   §bDiscord group: §fwww.nickuc.com/discord
[2025/11/06 13:18:32]:   §bDocumentation: §fdocs.nickuc.com/nlogin/
[2025/11/06 13:18:32]:   §bEmail: §fsupport@nickuc.com
[2025/11/06 13:18:32]:   §bYouTube: §fyoutube.com/nickuc
[2025/11/06 13:18:32]: 
[2025/11/06 13:18:32]:  §eTo remove this warning, log in with "nlogin.admin" permission on the server
[2025/11/06 13:18:32]:  §eand click the "Setup plugin" button to configure your plugin.
[2025/11/06 13:18:32]: 
[2025/11/06 13:19:43]: §3[nLogin] [DEBUG] The AK_3855 (0:0:0:0:0:0:0:1) player entered an incorrect password
[2025/11/06 13:20:09]: §3[nLogin] [DEBUG] [SQLite] [UPDATE]: "UPDATE `nlogin` SET `last_name` = 'AK_3855', `unique_id` = de0c98c52d133bc0a14dc4360b44b5cc,  `mojang_id` = null,  `bedrock_id` = null,  `password` = '$2a$10$YCwQeIiLj2w0aDk9lnVMbeydFTJV39.s7LDqNYrGHjlgEmrvrx2MO', `last_ip` = '0:0:0:0:0:0:0:1', `creation_date` = 2025-11-05 16:14:24.376, `last_seen` = 2025-11-06 13:20:09.764, `email` = null, `discord` = null, `settings` = '{"settings":[{"value":"auth","key":"last-server"},{"value":"en","key":"language"}],"version":0}' WHERE `ai` = 6" (applied to [last_ip, last_seen, settings] columns)
[2025/11/06 13:20:09]: [nLogin] The user AK_3855 has successfully logged in.
[2025/11/06 13:21:12]: §3[nLogin] [DEBUG] [SQLite] [UPDATE]: "UPDATE `nlogin` SET `last_name` = 'AK_3855', `unique_id` = de0c98c52d133bc0a14dc4360b44b5cc,  `mojang_id` = null,  `bedrock_id` = null,  `password` = '$2a$10$YCwQeIiLj2w0aDk9lnVMbeydFTJV39.s7LDqNYrGHjlgEmrvrx2MO', `last_ip` = '0:0:0:0:0:0:0:1', `creation_date` = 2025-11-05 16:14:24.376, `last_seen` = 2025-11-06 13:21:12.794, `email` = null, `discord` = null, `settings` = '{"settings":[{"value":"survival","key":"last-server"},{"value":"en","key":"language"}],"version":0}' WHERE `ai` = 6" (applied to [last_seen, settings] columns)
[2025/11/06 13:21:20]: §3[nLogin] [DEBUG] [SQLite] [UPDATE]: "UPDATE `nlogin` SET `last_name` = 'AK_3855', `unique_id` = de0c98c52d133bc0a14dc4360b44b5cc,  `mojang_id` = null,  `bedrock_id` = null,  `password` = '$2a$10$YCwQeIiLj2w0aDk9lnVMbeydFTJV39.s7LDqNYrGHjlgEmrvrx2MO', `last_ip` = '0:0:0:0:0:0:0:1', `creation_date` = 2025-11-05 16:14:24.376, `last_seen` = 2025-11-06 13:21:20.33, `email` = null, `discord` = null, `settings` = '{"settings":[{"value":"survival","key":"last-server"},{"value":"en","key":"language"}],"version":0}' WHERE `ai` = 6" (applied to [last_ip, last_seen, settings] columns)
[2025/11/06 13:21:20]: [nLogin] The user AK_3855 has successfully logged in.
[2025/11/06 13:22:08]: §3[nLogin] [DEBUG] [SQLite] [UPDATE]: "UPDATE `nlogin` SET `last_name` = 'AK_3855', `unique_id` = de0c98c52d133bc0a14dc4360b44b5cc,  `mojang_id` = null,  `bedrock_id` = null,  `password` = '$2a$10$YCwQeIiLj2w0aDk9lnVMbeydFTJV39.s7LDqNYrGHjlgEmrvrx2MO', `last_ip` = '0:0:0:0:0:0:0:1', `creation_date` = 2025-11-05 16:14:24.376, `last_seen` = 2025-11-06 13:22:08.551, `email` = null, `discord` = null, `settings` = '{"settings":[{"value":"survival","key":"last-server"},{"value":"en","key":"language"}],"version":0}' WHERE `ai` = 6" (applied to [last_seen, settings] columns)
[2025/11/06 13:22:13]: §3[nLogin] [DEBUG] [SQLite] [UPDATE]: "UPDATE `nlogin` SET `last_name` = 'AK_3855', `unique_id` = de0c98c52d133bc0a14dc4360b44b5cc,  `mojang_id` = null,  `bedrock_id` = null,  `password` = '$2a$10$YCwQeIiLj2w0aDk9lnVMbeydFTJV39.s7LDqNYrGHjlgEmrvrx2MO', `last_ip` = '0:0:0:0:0:0:0:1', `creation_date` = 2025-11-05 16:14:24.376, `last_seen` = 2025-11-06 13:22:13.377, `email` = null, `discord` = null, `settings` = '{"settings":[{"value":"survival","key":"last-server"},{"value":"en","key":"language"}],"version":0}' WHERE `ai` = 6" (applied to [last_ip, last_seen, settings] columns)
[2025/11/06 13:22:13]: [nLogin] The user AK_3855 has successfully logged in.
[2025/11/06 13:30:25]: §3[nLogin] [DEBUG] [SQLite] [UPDATE]: "UPDATE `nlogin` SET `last_name` = 'AK_3855', `unique_id` = de0c98c52d133bc0a14dc4360b44b5cc,  `mojang_id` = null,  `bedrock_id` = null,  `password` = '$2a$10$YCwQeIiLj2w0aDk9lnVMbeydFTJV39.s7LDqNYrGHjlgEmrvrx2MO', `last_ip` = '0:0:0:0:0:0:0:1', `creation_date` = 2025-11-05 16:14:24.376, `last_seen` = 2025-11-06 13:30:25.505, `email` = null, `discord` = null, `settings` = '{"settings":[{"value":"auth","key":"last-server"},{"value":"en","key":"language"}],"version":0}' WHERE `ai` = 6" (applied to [last_seen, settings] columns)
[2025/11/06 13:30:31]: §3[nLogin] [DEBUG] The AK_3855 (0:0:0:0:0:0:0:1) player entered an incorrect password
[2025/11/06 13:30:37]: §3[nLogin] [DEBUG] [SQLite] [UPDATE]: "UPDATE `nlogin` SET `last_name` = 'AK_3855', `unique_id` = de0c98c52d133bc0a14dc4360b44b5cc,  `mojang_id` = null,  `bedrock_id` = null,  `password` = '$2a$10$YCwQeIiLj2w0aDk9lnVMbeydFTJV39.s7LDqNYrGHjlgEmrvrx2MO', `last_ip` = '0:0:0:0:0:0:0:1', `creation_date` = 2025-11-05 16:14:24.376, `last_seen` = 2025-11-06 13:30:37.983, `email` = null, `discord` = null, `settings` = '{"settings":[{"value":"auth","key":"last-server"},{"value":"en","key":"language"}],"version":0}' WHERE `ai` = 6" (applied to [last_ip, last_seen, settings] columns)
[2025/11/06 13:30:37]: [nLogin] The user AK_3855 has successfully logged in.
[2025/11/06 13:32:18]: §3[nLogin] [DEBUG] [SQLite] [UPDATE]: "UPDATE `nlogin` SET `last_name` = 'George_DC', `unique_id` = fa42a30c054c365c8c39b21dced5eaae,  `mojang_id` = null,  `bedrock_id` = null,  `password` = '$2a$10$Dqg56A5AJC2vAMyQfKs1zO8vJBGwnyu/S8k7Wti2OTHihFtj45MJC', `last_ip` = '0:0:0:0:0:0:0:1', `creation_date` = 2025-10-24 22:30:04.559, `last_seen` = 2025-11-06 13:32:18.57, `email` = null, `discord` = null, `settings` = '{"settings":[{"value":"survival","key":"last-server"},{"value":"en","key":"language"}],"version":0}' WHERE `ai` = 4" (applied to [last_ip, last_seen, settings] columns)
[2025/11/06 13:32:18]: [nLogin] The user George_DC has successfully logged in.
[2025/11/06 13:32:33]: §3[nLogin] [DEBUG] [SQLite] [UPDATE]: "UPDATE `nlogin` SET `last_name` = 'AK_3855', `unique_id` = de0c98c52d133bc0a14dc4360b44b5cc,  `mojang_id` = null,  `bedrock_id` = null,  `password` = '$2a$10$YCwQeIiLj2w0aDk9lnVMbeydFTJV39.s7LDqNYrGHjlgEmrvrx2MO', `last_ip` = '0:0:0:0:0:0:0:1', `creation_date` = 2025-11-05 16:14:24.376, `last_seen` = 2025-11-06 13:32:33.444, `email` = null, `discord` = null, `settings` = '{"settings":[{"value":"auth","key":"last-server"},{"value":"en","key":"language"}],"version":0}' WHERE `ai` = 6" (applied to [last_seen, settings] columns)
[2025/11/06 13:32:52]: §3[nLogin] [DEBUG] [SQLite] [UPDATE]: "UPDATE `nlogin` SET `last_name` = 'AK_3855', `unique_id` = de0c98c52d133bc0a14dc4360b44b5cc,  `mojang_id` = null,  `bedrock_id` = null,  `password` = '$2a$10$YCwQeIiLj2w0aDk9lnVMbeydFTJV39.s7LDqNYrGHjlgEmrvrx2MO', `last_ip` = '0:0:0:0:0:0:0:1', `creation_date` = 2025-11-05 16:14:24.376, `last_seen` = 2025-11-06 13:32:52.873, `email` = null, `discord` = null, `settings` = '{"settings":[{"value":"auth","key":"last-server"},{"value":"en","key":"language"}],"version":0}' WHERE `ai` = 6" (applied to [last_ip, last_seen, settings] columns)
[2025/11/06 13:32:52]: [nLogin] The user AK_3855 has successfully logged in.
[2025/11/06 13:34:12]: §3[nLogin] [DEBUG] [SQLite] [UPDATE]: "UPDATE `nlogin` SET `last_name` = 'AK_3855', `unique_id` = de0c98c52d133bc0a14dc4360b44b5cc,  `mojang_id` = null,  `bedrock_id` = null,  `password` = '$2a$10$YCwQeIiLj2w0aDk9lnVMbeydFTJV39.s7LDqNYrGHjlgEmrvrx2MO', `last_ip` = '0:0:0:0:0:0:0:1', `creation_date` = 2025-11-05 16:14:24.376, `last_seen` = 2025-11-06 13:34:12.277, `email` = null, `discord` = null, `settings` = '{"settings":[{"value":"survival","key":"last-server"},{"value":"en","key":"language"}],"version":0}' WHERE `ai` = 6" (applied to [last_seen, settings] columns)
[2025/11/06 13:34:35]: §3[nLogin] [DEBUG] [SQLite] [UPDATE]: "INSERT INTO `nlogin` (`last_name`, `unique_id`, `mojang_id`, `bedrock_id`, `password`, `last_ip`, `creation_date`, `last_seen`, `email`, `discord`, `settings`) VALUES ('AK_38552', 28b34ec2a96a37208e6bc27bfe6a32d0, null, null, '$2a$10$gD47RyvjA71t4JZlBNjt8uLApYAa01v8bjoxzYK2flU4.RkpHZL2a', '0:0:0:0:0:0:0:1', '2025-11-06 13:34:35.642', '2025-11-06 13:34:35.642', null, null, '{"settings":[{"value":true,"key":"force-invalid-session"}],"version":0}')" (applied to all columns)
[2025/11/06 13:34:35]: [nLogin] The user AK_38552 has successfully registered.
[2025/11/06 13:35:24]: §3[nLogin] [DEBUG] [SQLite] [UPDATE]: "UPDATE `nlogin` SET `last_name` = 'AK_38552', `unique_id` = 28b34ec2a96a37208e6bc27bfe6a32d0,  `mojang_id` = null,  `bedrock_id` = null,  `password` = '$2a$10$gD47RyvjA71t4JZlBNjt8uLApYAa01v8bjoxzYK2flU4.RkpHZL2a', `last_ip` = '0:0:0:0:0:0:0:1', `creation_date` = 2025-11-06 13:34:35.642, `last_seen` = 2025-11-06 13:35:24.234, `email` = null, `discord` = null, `settings` = '{"settings":[{"value":true,"key":"force-invalid-session"},{"value":"survival","key":"last-server"},{"value":"en","key":"language"}],"version":0}' WHERE `ai` = 7" (applied to [last_seen, settings] columns)
[2025/11/06 13:35:34]: §3[nLogin] [DEBUG] The AK_3855 (0:0:0:0:0:0:0:1) player entered an incorrect password
[2025/11/06 13:35:39]: §3[nLogin] [DEBUG] [SQLite] [UPDATE]: "UPDATE `nlogin` SET `last_name` = 'AK_3855', `unique_id` = de0c98c52d133bc0a14dc4360b44b5cc,  `mojang_id` = null,  `bedrock_id` = null,  `password` = '$2a$10$YCwQeIiLj2w0aDk9lnVMbeydFTJV39.s7LDqNYrGHjlgEmrvrx2MO', `last_ip` = '0:0:0:0:0:0:0:1', `creation_date` = 2025-11-05 16:14:24.376, `last_seen` = 2025-11-06 13:35:39.841, `email` = null, `discord` = null, `settings` = '{"settings":[{"value":"survival","key":"last-server"},{"value":"en","key":"language"}],"version":0}' WHERE `ai` = 6" (applied to [last_ip, last_seen, settings] columns)
[2025/11/06 13:35:39]: [nLogin] The user AK_3855 has successfully logged in.
[2025/11/06 13:43:27]: §3[nLogin] [DEBUG] [SQLite] [UPDATE]: "UPDATE `nlogin` SET `last_name` = 'AK_3855', `unique_id` = de0c98c52d133bc0a14dc4360b44b5cc,  `mojang_id` = null,  `bedrock_id` = null,  `password` = '$2a$10$YCwQeIiLj2w0aDk9lnVMbeydFTJV39.s7LDqNYrGHjlgEmrvrx2MO', `last_ip` = '0:0:0:0:0:0:0:1', `creation_date` = 2025-11-05 16:14:24.376, `last_seen` = 2025-11-06 13:43:27.053, `email` = null, `discord` = null, `settings` = '{"settings":[{"value":"survival","key":"last-server"},{"value":"en","key":"language"}],"version":0}' WHERE `ai` = 6" (applied to [last_seen, settings] columns)
[2025/11/06 13:43:38]: §3[nLogin] [DEBUG] The AK_3855 (0:0:0:0:0:0:0:1) player entered an incorrect password
[2025/11/06 13:46:45]: §3[nLogin] [DEBUG] [SQLite] [UPDATE]: "UPDATE `nlogin` SET `last_name` = 'AK_3855', `unique_id` = de0c98c52d133bc0a14dc4360b44b5cc,  `mojang_id` = null,  `bedrock_id` = null,  `password` = '$2a$10$YCwQeIiLj2w0aDk9lnVMbeydFTJV39.s7LDqNYrGHjlgEmrvrx2MO', `last_ip` = '0:0:0:0:0:0:0:1', `creation_date` = 2025-11-05 16:14:24.376, `last_seen` = 2025-11-06 13:46:45.177, `email` = null, `discord` = null, `settings` = '{"settings":[{"value":"survival","key":"last-server"},{"value":"en","key":"language"}],"version":0}' WHERE `ai` = 6" (applied to [last_ip, last_seen, settings] columns)
[2025/11/06 13:46:45]: [nLogin] The user AK_3855 has successfully logged in.
[2025/11/06 13:52:03]: §3[nLogin] [DEBUG] [SQLite] [UPDATE]: "UPDATE `nlogin` SET `last_name` = 'AK_3855', `unique_id` = de0c98c52d133bc0a14dc4360b44b5cc,  `mojang_id` = null,  `bedrock_id` = null,  `password` = '$2a$10$YCwQeIiLj2w0aDk9lnVMbeydFTJV39.s7LDqNYrGHjlgEmrvrx2MO', `last_ip` = '0:0:0:0:0:0:0:1', `creation_date` = 2025-11-05 16:14:24.376, `last_seen` = 2025-11-06 13:52:03.539, `email` = null, `discord` = null, `settings` = '{"settings":[{"value":"survival","key":"last-server"},{"value":"en","key":"language"}],"version":0}' WHERE `ai` = 6" (applied to [last_seen, settings] columns)
[2025/11/06 13:52:08]: §3[nLogin] [DEBUG] [SQLite] [UPDATE]: "UPDATE `nlogin` SET `last_name` = 'AK_3855', `unique_id` = de0c98c52d133bc0a14dc4360b44b5cc,  `mojang_id` = null,  `bedrock_id` = null,  `password` = '$2a$10$YCwQeIiLj2w0aDk9lnVMbeydFTJV39.s7LDqNYrGHjlgEmrvrx2MO', `last_ip` = '0:0:0:0:0:0:0:1', `creation_date` = 2025-11-05 16:14:24.376, `last_seen` = 2025-11-06 13:52:08.907, `email` = null, `discord` = null, `settings` = '{"settings":[{"value":"survival","key":"last-server"},{"value":"en","key":"language"}],"version":0}' WHERE `ai` = 6" (applied to [last_ip, last_seen, settings] columns)
[2025/11/06 13:52:08]: [nLogin] The user AK_3855 has successfully logged in.
[2025/11/06 13:53:41]: §3[nLogin] [DEBUG] [SQLite] [UPDATE]: "UPDATE `nlogin` SET `last_name` = 'AK_3855', `unique_id` = de0c98c52d133bc0a14dc4360b44b5cc,  `mojang_id` = null,  `bedrock_id` = null,  `password` = '$2a$10$YCwQeIiLj2w0aDk9lnVMbeydFTJV39.s7LDqNYrGHjlgEmrvrx2MO', `last_ip` = '0:0:0:0:0:0:0:1', `creation_date` = 2025-11-05 16:14:24.376, `last_seen` = 2025-11-06 13:53:41.807, `email` = null, `discord` = null, `settings` = '{"settings":[{"value":"survival","key":"last-server"},{"value":"en","key":"language"}],"version":0}' WHERE `ai` = 6" (applied to [last_seen, settings] columns)
[2025/11/06 14:00:01]: §3[nLogin] [DEBUG] [SQLite] [UPDATE]: "UPDATE `nlogin` SET `last_name` = 'George_DC', `unique_id` = fa42a30c054c365c8c39b21dced5eaae,  `mojang_id` = null,  `bedrock_id` = null,  `password` = '$2a$10$Dqg56A5AJC2vAMyQfKs1zO8vJBGwnyu/S8k7Wti2OTHihFtj45MJC', `last_ip` = '0:0:0:0:0:0:0:1', `creation_date` = 2025-10-24 22:30:04.559, `last_seen` = 2025-11-06 14:00:01.845, `email` = null, `discord` = null, `settings` = '{"settings":[{"value":"survival","key":"last-server"},{"value":"en","key":"language"}],"version":0}' WHERE `ai` = 4" (applied to [last_seen, settings] columns)
[2025/11/06 14:00:01]: [nLogin] Successful plugin core shutdown (took 0.00s)
