[2025/10/28 20:39:46]: §9          __             _       
[2025/10/28 20:39:46]: §9  _ __   / /  ___   __ _(_)_ __  
[2025/10/28 20:39:46]: §9 | '_ \ / /  / _ \ / _` | | '_ \ 
[2025/10/28 20:39:46]: §9 | | | / /__| (_) | (_| | | | | |
[2025/10/28 20:39:46]: §9 |_| |_\____/\___/ \__, |_|_| |_|
[2025/10/28 20:39:46]: §9                  |___/            
[2025/10/28 20:39:46]: §9 By: www.nickuc.com - V 10.4.23 DEVELOPMENT
[2025/10/28 20:39:46]: §9 
[2025/10/28 20:39:48]: §3[nLogin] [DEBUG] All settings were loaded in 743 ms.
[2025/10/28 20:39:48]: §3[nLogin] [DEBUG] Loading the messages_en.yml message file...
[2025/10/28 20:39:48]: §3[nLogin] [DEBUG] All plugin messages were loaded in 401 ms (languageByClient=false).
[2025/10/28 20:39:48]: §3[nLogin] [DEBUG] All proxy settings were loaded in 44 ms.
[2025/10/28 20:39:48]: §3[nLogin] [DEBUG] Loading database...
[2025/10/28 20:39:49]: §3[nLogin] [DEBUG] Starting logger filter...
[2025/10/28 20:39:54]: 
[2025/10/28 20:39:54]:  §bThank you so much for choosing nLogin! §4<3
[2025/10/28 20:39:54]: 
[2025/10/28 20:39:54]:  §4For your safety, please read the message below:
[2025/10/28 20:39:54]:   §cNever download nLogin from unknown sources.
[2025/10/28 20:39:54]:   §cA modified version may contain malicious software.
[2025/10/28 20:39:54]: 
[2025/10/28 20:39:54]:  §3Trusted sources:
[2025/10/28 20:39:54]:   §bwww.nickuc.com
[2025/10/28 20:39:54]:   §bwww.github.com/nickuc
[2025/10/28 20:39:54]:   §bOpeNLogin installer (from Spigot or GitHub)
[2025/10/28 20:39:54]: 
[2025/10/28 20:39:54]:  §3Official support channels:
[2025/10/28 20:39:54]:   §bDiscord group: §fwww.nickuc.com/discord
[2025/10/28 20:39:54]:   §bDocumentation: §fdocs.nickuc.com/nlogin/
[2025/10/28 20:39:54]:   §bEmail: §fsupport@nickuc.com
[2025/10/28 20:39:54]:   §bYouTube: §fyoutube.com/nickuc
[2025/10/28 20:39:54]: 
[2025/10/28 20:39:54]:  §eTo remove this warning, log in with "nlogin.admin" permission on the server
[2025/10/28 20:39:54]:  §eand click the "Setup plugin" button to configure your plugin.
[2025/10/28 20:39:54]: 
[2025/10/28 20:40:55]: §3[nLogin] [DEBUG] [SQLite] [UPDATE]: "UPDATE `nlogin` SET `last_name` = 'AK3855', `unique_id` = 15f50b28b3b93e58910f08ad7a4934f4,  `mojang_id` = null,  `bedrock_id` = null,  `password` = '$2a$10$LcfU9geO8H6Z/nxOF.LAuO4lARPtaBWkQcAVOrrB7H1KXn0k3K6X2', `last_ip` = '0:0:0:0:0:0:0:1', `creation_date` = 2025-10-24 15:01:36.759, `last_seen` = 2025-10-28 20:40:55.226, `email` = null, `discord` = null, `settings` = '{"settings":[{"value":"auth","key":"last-server"},{"value":"en","key":"language"}],"version":0}' WHERE `ai` = 2" (applied to [last_ip, last_seen, settings] columns)
[2025/10/28 20:40:55]: [nLogin] The user AK3855 has successfully logged in.
[2025/10/28 21:33:43]: §3[nLogin] [DEBUG] [SQLite] [UPDATE]: "UPDATE `nlogin` SET `last_name` = 'AK3855', `unique_id` = 15f50b28b3b93e58910f08ad7a4934f4,  `mojang_id` = null,  `bedrock_id` = null,  `password` = '$2a$10$LcfU9geO8H6Z/nxOF.LAuO4lARPtaBWkQcAVOrrB7H1KXn0k3K6X2', `last_ip` = '0:0:0:0:0:0:0:1', `creation_date` = 2025-10-24 15:01:36.759, `last_seen` = 2025-10-28 21:33:43.656, `email` = null, `discord` = null, `settings` = '{"settings":[{"value":"survival","key":"last-server"},{"value":"en","key":"language"}],"version":0}' WHERE `ai` = 2" (applied to [last_seen, settings] columns)
