[2025/11/05 15:55:24]: §9          __             _       
[2025/11/05 15:55:24]: §9  _ __   / /  ___   __ _(_)_ __  
[2025/11/05 15:55:24]: §9 | '_ \ / /  / _ \ / _` | | '_ \ 
[2025/11/05 15:55:24]: §9 | | | / /__| (_) | (_| | | | | |
[2025/11/05 15:55:24]: §9 |_| |_\____/\___/ \__, |_|_| |_|
[2025/11/05 15:55:24]: §9                  |___/            
[2025/11/05 15:55:24]: §9 By: www.nickuc.com - V 10.4.23 DEVELOPMENT
[2025/11/05 15:55:24]: §9 
[2025/11/05 15:55:25]: §3[nLogin] [DEBUG] All settings were loaded in 420 ms.
[2025/11/05 15:55:25]: §3[nLogin] [DEBUG] Loading the messages_en.yml message file...
[2025/11/05 15:55:25]: §3[nLogin] [DEBUG] All plugin messages were loaded in 105 ms (languageByClient=false).
[2025/11/05 15:55:25]: §3[nLogin] [DEBUG] All proxy settings were loaded in 19 ms.
[2025/11/05 15:55:25]: §3[nLogin] [DEBUG] Loading database...
[2025/11/05 15:55:25]: §3[nLogin] [DEBUG] Starting logger filter...
[2025/11/05 15:55:31]: 
[2025/11/05 15:55:31]:  §bThank you so much for choosing nLogin! §4<3
[2025/11/05 15:55:31]: 
[2025/11/05 15:55:31]:  §4For your safety, please read the message below:
[2025/11/05 15:55:31]:   §cNever download nLogin from unknown sources.
[2025/11/05 15:55:31]:   §cA modified version may contain malicious software.
[2025/11/05 15:55:31]: 
[2025/11/05 15:55:31]:  §3Trusted sources:
[2025/11/05 15:55:31]:   §bwww.nickuc.com
[2025/11/05 15:55:31]:   §bwww.github.com/nickuc
[2025/11/05 15:55:31]:   §bOpeNLogin installer (from Spigot or GitHub)
[2025/11/05 15:55:31]: 
[2025/11/05 15:55:31]:  §3Official support channels:
[2025/11/05 15:55:31]:   §bDiscord group: §fwww.nickuc.com/discord
[2025/11/05 15:55:31]:   §bDocumentation: §fdocs.nickuc.com/nlogin/
[2025/11/05 15:55:31]:   §bEmail: §fsupport@nickuc.com
[2025/11/05 15:55:31]:   §bYouTube: §fyoutube.com/nickuc
[2025/11/05 15:55:31]: 
[2025/11/05 15:55:31]:  §eTo remove this warning, log in with "nlogin.admin" permission on the server
[2025/11/05 15:55:31]:  §eand click the "Setup plugin" button to configure your plugin.
[2025/11/05 15:55:31]: 
[2025/11/05 15:57:16]: §3[nLogin] [DEBUG] [SQLite] [UPDATE]: "UPDATE `nlogin` SET `last_name` = 'AK3855', `unique_id` = 15f50b28b3b93e58910f08ad7a4934f4,  `mojang_id` = null,  `bedrock_id` = null,  `password` = '$2a$10$LcfU9geO8H6Z/nxOF.LAuO4lARPtaBWkQcAVOrrB7H1KXn0k3K6X2', `last_ip` = '0:0:0:0:0:0:0:1', `creation_date` = 2025-10-24 15:01:36.759, `last_seen` = 2025-11-05 15:57:16.857, `email` = null, `discord` = null, `settings` = '{"settings":[{"value":"survival","key":"last-server"},{"value":"en","key":"language"}],"version":0}' WHERE `ai` = 2" (applied to [last_ip, last_seen, settings] columns)
[2025/11/05 15:57:16]: [nLogin] The user AK3855 has successfully logged in.
[2025/11/05 15:57:32]: §3[nLogin] [DEBUG] [SQLite] [UPDATE]: "UPDATE `nlogin` SET `last_name` = 'AK3855', `unique_id` = 15f50b28b3b93e58910f08ad7a4934f4,  `mojang_id` = null,  `bedrock_id` = null,  `password` = '$2a$10$LcfU9geO8H6Z/nxOF.LAuO4lARPtaBWkQcAVOrrB7H1KXn0k3K6X2', `last_ip` = '0:0:0:0:0:0:0:1', `creation_date` = 2025-10-24 15:01:36.759, `last_seen` = 2025-11-05 15:57:32.306, `email` = null, `discord` = null, `settings` = '{"settings":[{"value":"survival","key":"last-server"},{"value":"en","key":"language"}],"version":0}' WHERE `ai` = 2" (applied to [last_seen, settings] columns)
[2025/11/05 16:02:12]: §3[nLogin] [DEBUG] [SQLite] [UPDATE]: "UPDATE `nlogin` SET `last_name` = 'AK3855', `unique_id` = 15f50b28b3b93e58910f08ad7a4934f4,  `mojang_id` = null,  `bedrock_id` = null,  `password` = '$2a$10$LcfU9geO8H6Z/nxOF.LAuO4lARPtaBWkQcAVOrrB7H1KXn0k3K6X2', `last_ip` = '0:0:0:0:0:0:0:1', `creation_date` = 2025-10-24 15:01:36.759, `last_seen` = 2025-11-05 16:02:12.285, `email` = null, `discord` = null, `settings` = '{"settings":[{"value":"survival","key":"last-server"},{"value":"en","key":"language"}],"version":0}' WHERE `ai` = 2" (applied to [last_ip, last_seen, settings] columns)
[2025/11/05 16:02:12]: [nLogin] The user AK3855 has successfully logged in.
[2025/11/05 16:02:19]: §3[nLogin] [DEBUG] The yanis (0:0:0:0:0:0:0:1) player entered an incorrect password
[2025/11/05 16:02:33]: §3[nLogin] [DEBUG] [SQLite] [UPDATE]: "UPDATE `nlogin` SET `last_name` = 'yanis', `unique_id` = 8631982cc9743376be49ce75caf81ad1,  `mojang_id` = null,  `bedrock_id` = null,  `password` = '$2a$10$k4RFXcK.hV8Gobx3Zk7HieXrjhipJoTt3qCwSzCeZ.oIuf584k0xa', `last_ip` = '0:0:0:0:0:0:0:1', `creation_date` = 2025-10-27 15:00:08.491, `last_seen` = 2025-11-05 16:02:33.812, `email` = null, `discord` = null, `settings` = '{"settings":[{"value":"survival","key":"last-server"},{"value":"en","key":"language"}],"version":0}' WHERE `ai` = 5" (applied to [last_ip, last_seen, settings] columns)
[2025/11/05 16:02:33]: [nLogin] The user yanis has successfully logged in.
[2025/11/05 16:13:58]: §3[nLogin] [DEBUG] [SQLite] [UPDATE]: "UPDATE `nlogin` SET `last_name` = 'AK3855', `unique_id` = 15f50b28b3b93e58910f08ad7a4934f4,  `mojang_id` = null,  `bedrock_id` = null,  `password` = '$2a$10$LcfU9geO8H6Z/nxOF.LAuO4lARPtaBWkQcAVOrrB7H1KXn0k3K6X2', `last_ip` = '0:0:0:0:0:0:0:1', `creation_date` = 2025-10-24 15:01:36.759, `last_seen` = 2025-11-05 16:13:58.373, `email` = null, `discord` = null, `settings` = '{"settings":[{"value":"survival","key":"last-server"},{"value":"en","key":"language"}],"version":0}' WHERE `ai` = 2" (applied to [last_seen, settings] columns)
[2025/11/05 16:14:24]: §3[nLogin] [DEBUG] [SQLite] [UPDATE]: "INSERT INTO `nlogin` (`last_name`, `unique_id`, `mojang_id`, `bedrock_id`, `password`, `last_ip`, `creation_date`, `last_seen`, `email`, `discord`, `settings`) VALUES ('AK_3855', de0c98c52d133bc0a14dc4360b44b5cc, null, null, '$2a$10$YCwQeIiLj2w0aDk9lnVMbeydFTJV39.s7LDqNYrGHjlgEmrvrx2MO', '0:0:0:0:0:0:0:1', '2025-11-05 16:14:24.376', '2025-11-05 16:14:24.376', null, null, '{"settings":[{"value":true,"key":"force-invalid-session"}],"version":0}')" (applied to all columns)
[2025/11/05 16:14:24]: [nLogin] The user AK_3855 has successfully registered.
[2025/11/05 16:22:36]: §3[nLogin] [DEBUG] [SQLite] [UPDATE]: "UPDATE `nlogin` SET `last_name` = 'yanis', `unique_id` = 8631982cc9743376be49ce75caf81ad1,  `mojang_id` = null,  `bedrock_id` = null,  `password` = '$2a$10$k4RFXcK.hV8Gobx3Zk7HieXrjhipJoTt3qCwSzCeZ.oIuf584k0xa', `last_ip` = '0:0:0:0:0:0:0:1', `creation_date` = 2025-10-27 15:00:08.491, `last_seen` = 2025-11-05 16:22:36.601, `email` = null, `discord` = null, `settings` = '{"settings":[{"value":"survival","key":"last-server"},{"value":"en","key":"language"}],"version":0}' WHERE `ai` = 5" (applied to [last_seen, settings] columns)
[2025/11/05 16:23:54]: §3[nLogin] [DEBUG] [SQLite] [UPDATE]: "UPDATE `nlogin` SET `last_name` = 'yanis', `unique_id` = 8631982cc9743376be49ce75caf81ad1,  `mojang_id` = null,  `bedrock_id` = null,  `password` = '$2a$10$k4RFXcK.hV8Gobx3Zk7HieXrjhipJoTt3qCwSzCeZ.oIuf584k0xa', `last_ip` = '0:0:0:0:0:0:0:1', `creation_date` = 2025-10-27 15:00:08.491, `last_seen` = 2025-11-05 16:23:54.273, `email` = null, `discord` = null, `settings` = '{"settings":[{"value":"survival","key":"last-server"},{"value":"en","key":"language"}],"version":0}' WHERE `ai` = 5" (applied to [last_ip, last_seen, settings] columns)
[2025/11/05 16:23:54]: [nLogin] The user yanis has successfully logged in.
[2025/11/05 16:28:40]: §3[nLogin] [DEBUG] [SQLite] [UPDATE]: "UPDATE `nlogin` SET `last_name` = 'yanis', `unique_id` = 8631982cc9743376be49ce75caf81ad1,  `mojang_id` = null,  `bedrock_id` = null,  `password` = '$2a$10$k4RFXcK.hV8Gobx3Zk7HieXrjhipJoTt3qCwSzCeZ.oIuf584k0xa', `last_ip` = '0:0:0:0:0:0:0:1', `creation_date` = 2025-10-27 15:00:08.491, `last_seen` = 2025-11-05 16:28:40.098, `email` = null, `discord` = null, `settings` = '{"settings":[{"value":"survival","key":"last-server"},{"value":"en","key":"language"}],"version":0}' WHERE `ai` = 5" (applied to [last_seen, settings] columns)
[2025/11/05 16:29:28]: §3[nLogin] [DEBUG] [SQLite] [UPDATE]: "UPDATE `nlogin` SET `last_name` = 'AK_3855', `unique_id` = de0c98c52d133bc0a14dc4360b44b5cc,  `mojang_id` = null,  `bedrock_id` = null,  `password` = '$2a$10$YCwQeIiLj2w0aDk9lnVMbeydFTJV39.s7LDqNYrGHjlgEmrvrx2MO', `last_ip` = '0:0:0:0:0:0:0:1', `creation_date` = 2025-11-05 16:14:24.376, `last_seen` = 2025-11-05 16:29:28.519, `email` = null, `discord` = null, `settings` = '{"settings":[{"value":true,"key":"force-invalid-session"},{"value":"survival","key":"last-server"},{"value":"en","key":"language"}],"version":0}' WHERE `ai` = 6" (applied to [last_seen, settings] columns)
[2025/11/05 16:31:16]: §3[nLogin] [DEBUG] [SQLite] [UPDATE]: "UPDATE `nlogin` SET `last_name` = 'yanis', `unique_id` = 8631982cc9743376be49ce75caf81ad1,  `mojang_id` = null,  `bedrock_id` = null,  `password` = '$2a$10$k4RFXcK.hV8Gobx3Zk7HieXrjhipJoTt3qCwSzCeZ.oIuf584k0xa', `last_ip` = '0:0:0:0:0:0:0:1', `creation_date` = 2025-10-27 15:00:08.491, `last_seen` = 2025-11-05 16:31:16.681, `email` = null, `discord` = null, `settings` = '{"settings":[{"value":"survival","key":"last-server"},{"value":"en","key":"language"}],"version":0}' WHERE `ai` = 5" (applied to [last_ip, last_seen, settings] columns)
[2025/11/05 16:31:16]: [nLogin] The user yanis has successfully logged in.
[2025/11/05 16:31:31]: §3[nLogin] [DEBUG] [SQLite] [UPDATE]: "UPDATE `nlogin` SET `last_name` = 'yanis', `unique_id` = 8631982cc9743376be49ce75caf81ad1,  `mojang_id` = null,  `bedrock_id` = null,  `password` = '$2a$10$k4RFXcK.hV8Gobx3Zk7HieXrjhipJoTt3qCwSzCeZ.oIuf584k0xa', `last_ip` = '0:0:0:0:0:0:0:1', `creation_date` = 2025-10-27 15:00:08.491, `last_seen` = 2025-11-05 16:31:31.961, `email` = null, `discord` = null, `settings` = '{"settings":[{"value":"survival","key":"last-server"},{"value":"en","key":"language"}],"version":0}' WHERE `ai` = 5" (applied to [last_seen, settings] columns)
[2025/11/05 16:31:31]: [nLogin] Successful plugin core shutdown (took 0.00s)
