[2025/10/24 21:49:43]: §9          __             _       
[2025/10/24 21:49:43]: §9  _ __   / /  ___   __ _(_)_ __  
[2025/10/24 21:49:43]: §9 | '_ \ / /  / _ \ / _` | | '_ \ 
[2025/10/24 21:49:43]: §9 | | | / /__| (_) | (_| | | | | |
[2025/10/24 21:49:43]: §9 |_| |_\____/\___/ \__, |_|_| |_|
[2025/10/24 21:49:43]: §9                  |___/            
[2025/10/24 21:49:43]: §9 By: www.nickuc.com - V 10.4.23 DEVELOPMENT
[2025/10/24 21:49:43]: §9 
[2025/10/24 21:49:44]: §3[nLogin] [DEBUG] All settings were loaded in 391 ms.
[2025/10/24 21:49:44]: §3[nLogin] [DEBUG] Loading the messages_en.yml message file...
[2025/10/24 21:49:44]: §3[nLogin] [DEBUG] All plugin messages were loaded in 260 ms (languageByClient=false).
[2025/10/24 21:49:44]: §3[nLogin] [DEBUG] All proxy settings were loaded in 51 ms.
[2025/10/24 21:49:44]: §3[nLogin] [DEBUG] Loading database...
[2025/10/24 21:49:45]: §3[nLogin] [DEBUG] Starting logger filter...
[2025/10/24 21:49:50]: 
[2025/10/24 21:49:50]:  §bThank you so much for choosing nLogin! §4<3
[2025/10/24 21:49:50]: 
[2025/10/24 21:49:50]:  §4For your safety, please read the message below:
[2025/10/24 21:49:50]:   §cNever download nLogin from unknown sources.
[2025/10/24 21:49:50]:   §cA modified version may contain malicious software.
[2025/10/24 21:49:50]: 
[2025/10/24 21:49:50]:  §3Trusted sources:
[2025/10/24 21:49:50]:   §bwww.nickuc.com
[2025/10/24 21:49:50]:   §bwww.github.com/nickuc
[2025/10/24 21:49:50]:   §bOpeNLogin installer (from Spigot or GitHub)
[2025/10/24 21:49:50]: 
[2025/10/24 21:49:50]:  §3Official support channels:
[2025/10/24 21:49:50]:   §bDiscord group: §fwww.nickuc.com/discord
[2025/10/24 21:49:50]:   §bDocumentation: §fdocs.nickuc.com/nlogin/
[2025/10/24 21:49:50]:   §bEmail: §fsupport@nickuc.com
[2025/10/24 21:49:50]:   §bYouTube: §fyoutube.com/nickuc
[2025/10/24 21:49:50]: 
[2025/10/24 21:49:50]:  §eTo remove this warning, log in with "nlogin.admin" permission on the server
[2025/10/24 21:49:50]:  §eand click the "Setup plugin" button to configure your plugin.
[2025/10/24 21:49:50]: 
[2025/10/24 21:52:41]: §3[nLogin] [DEBUG] [SQLite] [UPDATE]: "UPDATE `nlogin` SET `last_name` = 'AK3855', `unique_id` = 15f50b28b3b93e58910f08ad7a4934f4,  `mojang_id` = null,  `bedrock_id` = null,  `password` = '$2a$10$LcfU9geO8H6Z/nxOF.LAuO4lARPtaBWkQcAVOrrB7H1KXn0k3K6X2', `last_ip` = '0:0:0:0:0:0:0:1', `creation_date` = 2025-10-24 15:01:36.759, `last_seen` = 2025-10-24 21:52:40.995, `email` = null, `discord` = null, `settings` = '{"settings":[{"value":"survival","key":"last-server"},{"value":"en","key":"language"}],"version":0}' WHERE `ai` = 2" (applied to [last_ip, last_seen, settings] columns)
[2025/10/24 21:52:41]: [nLogin] The user AK3855 has successfully logged in.
[2025/10/24 21:52:51]: §3[nLogin] [DEBUG] [SQLite] [UPDATE]: "UPDATE `nlogin` SET `last_name` = 'AK3855', `unique_id` = 15f50b28b3b93e58910f08ad7a4934f4,  `mojang_id` = null,  `bedrock_id` = null,  `password` = '$2a$10$LcfU9geO8H6Z/nxOF.LAuO4lARPtaBWkQcAVOrrB7H1KXn0k3K6X2', `last_ip` = '0:0:0:0:0:0:0:1', `creation_date` = 2025-10-24 15:01:36.759, `last_seen` = 2025-10-24 21:52:51.261, `email` = null, `discord` = null, `settings` = '{"settings":[{"value":"survival","key":"last-server"},{"value":"en","key":"language"}],"version":0}' WHERE `ai` = 2" (applied to [last_seen, settings] columns)
[2025/10/24 22:04:05]: §3[nLogin] [DEBUG] [SQLite] [UPDATE]: "UPDATE `nlogin` SET `last_name` = 'AK3855', `unique_id` = 15f50b28b3b93e58910f08ad7a4934f4,  `mojang_id` = null,  `bedrock_id` = null,  `password` = '$2a$10$LcfU9geO8H6Z/nxOF.LAuO4lARPtaBWkQcAVOrrB7H1KXn0k3K6X2', `last_ip` = '0:0:0:0:0:0:0:1', `creation_date` = 2025-10-24 15:01:36.759, `last_seen` = 2025-10-24 22:04:05.222, `email` = null, `discord` = null, `settings` = '{"settings":[{"value":"survival","key":"last-server"},{"value":"en","key":"language"}],"version":0}' WHERE `ai` = 2" (applied to [last_ip, last_seen, settings] columns)
[2025/10/24 22:04:05]: [nLogin] The user AK3855 has successfully logged in.
[2025/10/24 22:04:53]: §3[nLogin] [DEBUG] [SQLite] [UPDATE]: "UPDATE `nlogin` SET `last_name` = 'AK3855', `unique_id` = 15f50b28b3b93e58910f08ad7a4934f4,  `mojang_id` = null,  `bedrock_id` = null,  `password` = '$2a$10$LcfU9geO8H6Z/nxOF.LAuO4lARPtaBWkQcAVOrrB7H1KXn0k3K6X2', `last_ip` = '0:0:0:0:0:0:0:1', `creation_date` = 2025-10-24 15:01:36.759, `last_seen` = 2025-10-24 22:04:53.842, `email` = null, `discord` = null, `settings` = '{"settings":[{"value":"survival","key":"last-server"},{"value":"en","key":"language"}],"version":0}' WHERE `ai` = 2" (applied to [last_seen, settings] columns)
[2025/10/24 22:06:01]: §3[nLogin] [DEBUG] [SQLite] [UPDATE]: "UPDATE `nlogin` SET `last_name` = 'AK3855', `unique_id` = 15f50b28b3b93e58910f08ad7a4934f4,  `mojang_id` = null,  `bedrock_id` = null,  `password` = '$2a$10$LcfU9geO8H6Z/nxOF.LAuO4lARPtaBWkQcAVOrrB7H1KXn0k3K6X2', `last_ip` = '0:0:0:0:0:0:0:1', `creation_date` = 2025-10-24 15:01:36.759, `last_seen` = 2025-10-24 22:06:01.905, `email` = null, `discord` = null, `settings` = '{"settings":[{"value":"survival","key":"last-server"},{"value":"en","key":"language"}],"version":0}' WHERE `ai` = 2" (applied to [last_ip, last_seen, settings] columns)
[2025/10/24 22:06:01]: [nLogin] The user AK3855 has successfully logged in.
[2025/10/24 22:07:24]: §3[nLogin] [DEBUG] [SQLite] [UPDATE]: "UPDATE `nlogin` SET `last_name` = 'AK3855', `unique_id` = 15f50b28b3b93e58910f08ad7a4934f4,  `mojang_id` = null,  `bedrock_id` = null,  `password` = '$2a$10$LcfU9geO8H6Z/nxOF.LAuO4lARPtaBWkQcAVOrrB7H1KXn0k3K6X2', `last_ip` = '0:0:0:0:0:0:0:1', `creation_date` = 2025-10-24 15:01:36.759, `last_seen` = 2025-10-24 22:07:24.265, `email` = null, `discord` = null, `settings` = '{"settings":[{"value":"survival","key":"last-server"},{"value":"en","key":"language"}],"version":0}' WHERE `ai` = 2" (applied to [last_seen, settings] columns)
[2025/10/24 22:27:22]: §3[nLogin] [DEBUG] [SQLite] [UPDATE]: "UPDATE `nlogin` SET `last_name` = 'AK3855', `unique_id` = 15f50b28b3b93e58910f08ad7a4934f4,  `mojang_id` = null,  `bedrock_id` = null,  `password` = '$2a$10$LcfU9geO8H6Z/nxOF.LAuO4lARPtaBWkQcAVOrrB7H1KXn0k3K6X2', `last_ip` = '0:0:0:0:0:0:0:1', `creation_date` = 2025-10-24 15:01:36.759, `last_seen` = 2025-10-24 22:27:22.617, `email` = null, `discord` = null, `settings` = '{"settings":[{"value":"survival","key":"last-server"},{"value":"en","key":"language"}],"version":0}' WHERE `ai` = 2" (applied to [last_ip, last_seen, settings] columns)
[2025/10/24 22:27:22]: [nLogin] The user AK3855 has successfully logged in.
[2025/10/24 22:27:27]: §3[nLogin] [DEBUG] [SQLite] [UPDATE]: "UPDATE `nlogin` SET `last_name` = 'AK3855', `unique_id` = 15f50b28b3b93e58910f08ad7a4934f4,  `mojang_id` = null,  `bedrock_id` = null,  `password` = '$2a$10$LcfU9geO8H6Z/nxOF.LAuO4lARPtaBWkQcAVOrrB7H1KXn0k3K6X2', `last_ip` = '0:0:0:0:0:0:0:1', `creation_date` = 2025-10-24 15:01:36.759, `last_seen` = 2025-10-24 22:27:27.359, `email` = null, `discord` = null, `settings` = '{"settings":[{"value":"auth","key":"last-server"},{"value":"en","key":"language"}],"version":0}' WHERE `ai` = 2" (applied to [last_seen, settings] columns)
[2025/10/24 22:27:35]: §3[nLogin] [DEBUG] [SQLite] [UPDATE]: "UPDATE `nlogin` SET `last_name` = 'AK3855', `unique_id` = 15f50b28b3b93e58910f08ad7a4934f4,  `mojang_id` = null,  `bedrock_id` = null,  `password` = '$2a$10$LcfU9geO8H6Z/nxOF.LAuO4lARPtaBWkQcAVOrrB7H1KXn0k3K6X2', `last_ip` = '0:0:0:0:0:0:0:1', `creation_date` = 2025-10-24 15:01:36.759, `last_seen` = 2025-10-24 22:27:35.667, `email` = null, `discord` = null, `settings` = '{"settings":[{"value":"auth","key":"last-server"},{"value":"en","key":"language"}],"version":0}' WHERE `ai` = 2" (applied to [last_ip, last_seen, settings] columns)
[2025/10/24 22:27:35]: [nLogin] The user AK3855 has successfully logged in.
[2025/10/24 22:27:43]: §3[nLogin] [DEBUG] [SQLite] [UPDATE]: "UPDATE `nlogin` SET `last_name` = 'AK3855', `unique_id` = 15f50b28b3b93e58910f08ad7a4934f4,  `mojang_id` = null,  `bedrock_id` = null,  `password` = '$2a$10$LcfU9geO8H6Z/nxOF.LAuO4lARPtaBWkQcAVOrrB7H1KXn0k3K6X2', `last_ip` = '0:0:0:0:0:0:0:1', `creation_date` = 2025-10-24 15:01:36.759, `last_seen` = 2025-10-24 22:27:43.202, `email` = null, `discord` = null, `settings` = '{"settings":[{"value":"auth","key":"last-server"},{"value":"en","key":"language"}],"version":0}' WHERE `ai` = 2" (applied to [last_seen, settings] columns)
[2025/10/24 22:27:44]: [nLogin] Successful plugin core shutdown (took 0.00s)
