[21:42:29] [main/INFO] [com.velocitypowered.proxy.VelocityServer]: Booting up Velocity 3.4.0-SNAPSHOT (git-44bc15db-b512)...
[21:42:29] [main/INFO] [com.velocitypowered.proxy.VelocityServer]: Loading localizations...
[21:42:30] [main/INFO] [com.velocitypowered.proxy.network.ConnectionManager]: Connections will use epoll channels, libdeflate (Linux x86_64) compression, OpenSSL 3.x.x (Linux x86_64) ciphers
[21:42:30] [main/WARN] [com.velocitypowered.proxy.config.VelocityConfiguration]: The proxy is running in offline mode! This is a security risk and you will NOT receive any support!
[21:42:30] [main/WARN] [com.velocitypowered.proxy.config.VelocityConfiguration]: Player info forwarding is disabled! All players will appear to be connecting from the proxy and will have offline-mode UUIDs.
[21:42:31] [main/INFO] [com.velocitypowered.proxy.config.VelocityConfiguration]: Unable to load your server-icon.png, continuing without it.
java.lang.IllegalArgumentException: Image is not 64x64 (found 1024x1024)
	at com.google.common.base.Preconditions.checkArgument(Preconditions.java:299) ~[server.jar:3.4.0-SNAPSHOT (git-44bc15db-b512)]
	at com.velocitypowered.api.util.Favicon.create(Favicon.java:82) ~[server.jar:3.4.0-SNAPSHOT (git-44bc15db-b512)]
	at com.velocitypowered.api.util.Favicon.create(Favicon.java:107) ~[server.jar:3.4.0-SNAPSHOT (git-44bc15db-b512)]
	at com.velocitypowered.proxy.config.VelocityConfiguration.loadFavicon(VelocityConfiguration.java:251) ~[server.jar:3.4.0-SNAPSHOT (git-44bc15db-b512)]
	at com.velocitypowered.proxy.config.VelocityConfiguration.validate(VelocityConfiguration.java:242) ~[server.jar:3.4.0-SNAPSHOT (git-44bc15db-b512)]
	at com.velocitypowered.proxy.VelocityServer.doStartupConfigLoad(VelocityServer.java:403) ~[server.jar:3.4.0-SNAPSHOT (git-44bc15db-b512)]
	at com.velocitypowered.proxy.VelocityServer.start(VelocityServer.java:289) ~[server.jar:3.4.0-SNAPSHOT (git-44bc15db-b512)]
	at com.velocitypowered.proxy.Velocity.main(Velocity.java:76) ~[server.jar:3.4.0-SNAPSHOT (git-44bc15db-b512)]
[21:42:31] [main/INFO] [com.velocitypowered.proxy.VelocityServer]: Loading plugins...
[21:42:32] [main/INFO] [eaglerxserver]: Loading EaglercraftXServer 1.0.7...
[21:42:32] [main/INFO] [eaglerxserver]: (Platform: Velocity)
[21:42:32] [main/INFO] [eaglerxserver]: Server Name: "EaglercraftXServer"
[21:42:33] [main/INFO] [com.velocitypowered.proxy.plugin.VelocityPluginManager]: Loaded plugin eaglerxserver 1.0.7 by lax1dude
[21:42:33] [main/INFO] [com.velocitypowered.proxy.plugin.VelocityPluginManager]: Loaded plugin eaglerweb 1.0.0 by lax1dude
[21:42:33] [main/INFO] [com.velocitypowered.proxy.plugin.VelocityPluginManager]: Loaded plugin eaglerxrewind-1-5 1.0.2 by lax1dude, ayunami2000
[21:42:34] [main/INFO] [com.velocitypowered.proxy.plugin.VelocityPluginManager]: Loaded plugin nlogin 10.4.23 by NickUC
[21:42:34] [main/INFO] [com.velocitypowered.proxy.VelocityServer]: Loaded 5 plugins
[21:42:34] [EaglercraftXServer - Task Executor #0/WARN] [com.velocitypowered.proxy.network.ConnectionManager]: The server channel initializer has been replaced by java.base/jdk.internal.reflect.DirectMethodHandleAccessor.invoke(DirectMethodHandleAccessor.java:103)
[21:42:34] [EaglercraftXServer - Task Executor #0/INFO] [eaglerxserver]: Enabling EaglercraftXServer 1.0.7...
[21:42:34] [EaglercraftXServer - Task Executor #0/INFO] [eaglerxserver]: Connecting to skin cache database "jdbc:sqlite:eagler_skins_cache.db"...
[21:42:34] [EaglercraftXServer - Task Executor #0/INFO] [eaglerxserver]: Connected to skin cache database successfully!
[21:42:34] [EaglercraftXServer - Task Executor #0/INFO] [eaglerweb]: Loading config files...
[21:42:35] [EaglercraftXServer - Task Executor #0/INFO] [eaglerweb]: Indexing pages, please wait...
[21:42:35] [EaglercraftXServer - Task Executor #0/INFO] [eaglerweb]: Indexed 12 pages total!
[21:42:35] [EaglercraftXServer - Task Executor #0/INFO] [eaglerxrewind-1-5]: EaglerXRewind protocol for Eaglercraft 1.5.2 has been registered
[21:42:37] [Netty epoll Worker #0/INFO] [eaglerxserver]: You are running the latest version of EaglerXServer
[21:42:37] [EaglercraftXServer - Task Executor #0/INFO] [nlogin]: Successful plugin core start (took 0.53s)
[21:42:37] [EaglercraftXServer - Task Executor #0/INFO] [com.velocitypowered.proxy.console.VelocityConsole]:           __             _       
[21:42:37] [EaglercraftXServer - Task Executor #0/INFO] [com.velocitypowered.proxy.console.VelocityConsole]:   _ __   / /  ___   __ _(_)_ __  
[21:42:37] [EaglercraftXServer - Task Executor #0/INFO] [com.velocitypowered.proxy.console.VelocityConsole]:  | '_ \ / /  / _ \ / _` | | '_ \ 
[21:42:37] [EaglercraftXServer - Task Executor #0/INFO] [com.velocitypowered.proxy.console.VelocityConsole]:  | | | / /__| (_) | (_| | | | | |
[21:42:37] [EaglercraftXServer - Task Executor #0/INFO] [com.velocitypowered.proxy.console.VelocityConsole]:  |_| |_\____/\___/ \__, |_|_| |_|
[21:42:37] [EaglercraftXServer - Task Executor #0/INFO] [com.velocitypowered.proxy.console.VelocityConsole]:                   |___/            
[21:42:37] [EaglercraftXServer - Task Executor #0/INFO] [com.velocitypowered.proxy.console.VelocityConsole]:  By: www.nickuc.com - V 10.4.23 DEVELOPMENT
[21:42:37] [EaglercraftXServer - Task Executor #0/INFO] [com.velocitypowered.proxy.console.VelocityConsole]:  
[21:42:39] [main/INFO] [com.velocitypowered.proxy.Velocity]: Done (10.08s)!
[21:42:39] [Netty epoll Boss #0/INFO] [eaglerxserver]: Listener "listener0" injected into channel [id: 0x450617fe, L:/[0:0:0:0:0:0:0:0]:25567] successfully (Velocity method)
[21:42:39] [Netty epoll Boss #0/INFO] [com.velocitypowered.proxy.network.ConnectionManager]: Listening on /[0:0:0:0:0:0:0:0]:25567
[21:42:44] [nLogin - Task Executor #0/INFO] [com.velocitypowered.proxy.console.VelocityConsole]: 
[21:42:44] [nLogin - Task Executor #0/INFO] [com.velocitypowered.proxy.console.VelocityConsole]:  Thank you so much for choosing nLogin! <3
[21:42:44] [nLogin - Task Executor #0/INFO] [com.velocitypowered.proxy.console.VelocityConsole]: 
[21:42:44] [nLogin - Task Executor #0/INFO] [com.velocitypowered.proxy.console.VelocityConsole]:  For your safety, please read the message below:
[21:42:44] [nLogin - Task Executor #0/INFO] [com.velocitypowered.proxy.console.VelocityConsole]:   Never download nLogin from unknown sources.
[21:42:44] [nLogin - Task Executor #0/INFO] [com.velocitypowered.proxy.console.VelocityConsole]:   A modified version may contain malicious software.
[21:42:44] [nLogin - Task Executor #0/INFO] [com.velocitypowered.proxy.console.VelocityConsole]: 
[21:42:44] [nLogin - Task Executor #0/INFO] [com.velocitypowered.proxy.console.VelocityConsole]:  Trusted sources:
[21:42:44] [nLogin - Task Executor #0/INFO] [com.velocitypowered.proxy.console.VelocityConsole]:   www.nickuc.com
[21:42:44] [nLogin - Task Executor #0/INFO] [com.velocitypowered.proxy.console.VelocityConsole]:   www.github.com/nickuc
[21:42:44] [nLogin - Task Executor #0/INFO] [com.velocitypowered.proxy.console.VelocityConsole]:   OpeNLogin installer (from Spigot or GitHub)
[21:42:44] [nLogin - Task Executor #0/INFO] [com.velocitypowered.proxy.console.VelocityConsole]: 
[21:42:44] [nLogin - Task Executor #0/INFO] [com.velocitypowered.proxy.console.VelocityConsole]:  Official support channels:
[21:42:44] [nLogin - Task Executor #0/INFO] [com.velocitypowered.proxy.console.VelocityConsole]:   Discord group: www.nickuc.com/discord
[21:42:44] [nLogin - Task Executor #0/INFO] [com.velocitypowered.proxy.console.VelocityConsole]:   Documentation: docs.nickuc.com/nlogin/
[21:42:44] [nLogin - Task Executor #0/INFO] [com.velocitypowered.proxy.console.VelocityConsole]:   Email: support@nickuc.com
[21:42:44] [nLogin - Task Executor #0/INFO] [com.velocitypowered.proxy.console.VelocityConsole]:   YouTube: youtube.com/nickuc
[21:42:44] [nLogin - Task Executor #0/INFO] [com.velocitypowered.proxy.console.VelocityConsole]: 
[21:42:44] [nLogin - Task Executor #0/INFO] [com.velocitypowered.proxy.console.VelocityConsole]:  To remove this warning, log in with "nlogin.admin" permission on the server
[21:42:44] [nLogin - Task Executor #0/INFO] [com.velocitypowered.proxy.console.VelocityConsole]:  and click the "Setup plugin" button to configure your plugin.
[21:42:44] [nLogin - Task Executor #0/INFO] [com.velocitypowered.proxy.console.VelocityConsole]: 
[21:43:04] [Netty epoll Worker #2/INFO] [com.velocitypowered.proxy.connection.client.AuthSessionHandler]: [connected player] AK_3855 (/[0:0:0:0:0:0:0:1]:52418) has connected
[21:43:04] [Netty epoll Worker #2/INFO] [com.velocitypowered.proxy.connection.MinecraftConnection]: [server connection] AK_3855 -> auth has connected
[21:43:08] [Netty epoll Worker #2/INFO] [com.velocitypowered.proxy.connection.client.ConnectedPlayer]: [connected player] AK_3855 (/[0:0:0:0:0:0:0:1]:52418) has disconnected: You entered the incorrect password.
[21:43:08] [Netty epoll Worker #2/INFO] [com.velocitypowered.proxy.connection.MinecraftConnection]: [server connection] AK_3855 -> auth has disconnected
[21:43:10] [Netty epoll Worker #3/INFO] [com.velocitypowered.proxy.connection.client.AuthSessionHandler]: [connected player] AK_3855 (/[0:0:0:0:0:0:0:1]:53682) has connected
[21:43:10] [Netty epoll Worker #3/INFO] [com.velocitypowered.proxy.connection.MinecraftConnection]: [server connection] AK_3855 -> auth has connected
[21:43:16] [nLogin - Task Executor #1/INFO] [nlogin]: The user AK_3855 has successfully logged in.
[21:43:16] [Netty epoll Worker #3/INFO] [com.velocitypowered.proxy.connection.MinecraftConnection]: [server connection] AK_3855 -> survival has connected
[21:43:17] [Netty epoll Worker #3/INFO] [com.velocitypowered.proxy.connection.MinecraftConnection]: [server connection] AK_3855 -> auth has disconnected
[21:47:57] [Netty epoll Worker #3/INFO] [com.velocitypowered.proxy.connection.MinecraftConnection]: [connected player] AK_3855 (/[0:0:0:0:0:0:0:1]:53682) has disconnected
[21:47:57] [Netty epoll Worker #3/INFO] [com.velocitypowered.proxy.connection.MinecraftConnection]: [server connection] AK_3855 -> survival has disconnected
